# This file was automatically created by FeynRules 2.0.20
# Mathematica version: 9.0 for Linux x86 (64-bit) (November 20, 2012)
# Date: Tue 20 Jan 2015 15:06:35


# 
# This is the logfile for the model COMPLEX

# Authors: A. Martini
# Model version: 1.0
# Checking the Quantum numbers
   * Electric charge defined.
# Checking the Lagrangians
   * All Lagrangians are ok.
#
# Particle definitions
#

   * No particles removed. All particles correspond to GenInt setup.

# Automatically assigned PDG numbers
   * Assigned PDG number 9000001 to particle ghA
   * Assigned PDG number 9000002 to particle ghZ
   * Assigned PDG number 9000003 to particle ghWp
   * Assigned PDG number 9000004 to particle ghWm
   * Assigned PDG number 9000005 to particle ghG
   * Assigned PDG number 9000006 to particle ~sdm
   * Assigned PDG number 9000007 to particle ~fdm
   * Assigned PDG number 9000008 to particle ~vdm


# Compulsory PDG codes:
   * Class SM leptons complete.
   * Class SM neutrinos complete.
   * Class SM quarks complete.
   * Class SM gauge bosons complete.
#
# Parameter definitions
#

   * Parameter sSIe has no value. Default value 1 assigned.
   * Parameter fSIe has no value. Default value 1 assigned.
   * Parameter vSIe has no value. Default value 1 assigned.
   * Parameter fSDe has no value. Default value 1 assigned.
   * Parameter vSDe has no value. Default value 1 assigned.


# Vertices
   * Calling FeynmanRules for 1 Lagrangians.
   * Number of classes vertices: 6
   * Number of flavored vertices: 18
   * Saved vertices in InterfaceRun[ 1 ].
   * Checked QNumber conservation.
      - Quantum number GhostNumber conserved in all vertices.
      - Quantum number LeptonNumber conserved in all vertices.
      - Quantum number Q conserved in all vertices.
      - Quantum number Y conserved in all vertices.
   * particles.py written.
   * parameters.py written.
#
# Vertex definitions
#

   * 18 vertices written.
   * vertices.py written.
#
# Lorentz structure definitions
#

   * 9 lorentz structures written.
   * lorentz.py written.
#
# Coupling definitions
#

   * 6 couplings written.
   * couplings.py written.
#
# Coupling order definitions
#

   * 0 couplings orders written.
   * coupling_orders.py written.
#
# Decay definitions
#

   * 0 decays written.
   * decay.py not written
