#
#                              ======================
#                              | THE SUSYHIT OUTPUT |
#                              ======================
#
#
#              ------------------------------------------------------
#              |     This is the output of the SUSY-HIT package     |
#              |  created by A.Djouadi, M.Muehlleitner and M.Spira. |
#              |  In case of problems with SUSY-HIT email to        |
#              |           margarete.muehlleitner@cern.ch           |
#              |           michael.spira@psi.ch                     |
#              |           abdelhak.djouadi@cern.ch                 |
#              ------------------------------------------------------
#
#              ------------------------------------------------------
#              |  SUSY Les Houches Accord - MSSM Spectrum + Decays  |
#              |              based on the decay programs           |
#              |                                                    |
#              |                     SDECAY 1.3b                    |
#              |                                                    |
#              |  Authors: M.Muhlleitner, A.Djouadi and Y.Mambrini  |
#              |  Ref.:    Comput.Phys.Commun.168(2005)46           |
#              |           [hep-ph/0311167]                         |
#              |                                                    |
#              |                     HDECAY 3.4                     |
#              |                                                    |
#              |  By: A.Djouadi,J.Kalinowski,M.Muhlleitner,M.Spira  |
#              |  Ref.:    Comput.Phys.Commun.108(1998)56           |
#              |           [hep-ph/9704448]                         |
#              |                                                    |
#              |                                                    |
#              |  If not stated otherwise all DRbar couplings and   |
#              |  soft SUSY breaking masses are given at the scale  |
#              |  Q=  0.79855700E+03
#              |                                                    |
#              ------------------------------------------------------
#
#
BLOCK DCINFO  # Decay Program information
     1   SDECAY/HDECAY # decay calculator
     2   1.3b  /3.4    # version number
#
BLOCK SPINFO  # Spectrum calculator information
     1   SuSpect     # RGE +Spectrum calculator            
     2   2.41        # version number                      
#
BLOCK MODSEL  # Model selection
     1     1   # #SUGRA                                            
#
BLOCK SMINPUTS  # Standard Model inputs
         1     1.27934000E+02   # alpha_em^-1(M_Z)^MSbar
         2     1.16639000E-05   # G_F [GeV^-2]
         3     1.17200000E-01   # alpha_S(M_Z)^MSbar
         4     9.11870000E+01   # M_Z pole mass
         5     4.25000000E+00   # mb(mb)^MSbar
         6     1.72500000E+02   # mt pole mass
         7     1.77710000E+00   # mtau pole mass
#
BLOCK MINPAR  # Input parameters - minimal models
         1     2.00000000E+02   # m0                  
         2     4.50000000E+02   # m_1                 
         3     3.00000000E+01   # tanbeta(mZ)         
         4     1.00000000E+00   # sign(mu)            
         5     0.00000000E+00   # A0                  
#
BLOCK EXTPAR  # Input parameters - non-minimal models
         0     7.98556996E+02   # EWSB                
#
BLOCK MASS  # Mass Spectrum
# PDG code           mass       particle
        24     8.04760140E+01   # W+
        25     1.14737151E+02   # h
        35     5.71519561E+02   # H
        36     5.71470024E+02   # A
        37     5.77440889E+02   # H+
         5     4.87877839E+00   # b-quark pole mass calculated from mb(mb)_Msbar
   1000001     9.70733842E+02   # ~d_L
   2000001     9.32631100E+02   # ~d_R
   1000002     9.67512277E+02   # ~u_L
   2000002     9.35509406E+02   # ~u_R
   1000003     9.70733842E+02   # ~s_L
   2000003     9.32631100E+02   # ~s_R
   1000004     9.67512277E+02   # ~c_L
   2000004     9.35509406E+02   # ~c_R
   1000005     8.64150370E+02   # ~b_1
   2000005     9.12392374E+02   # ~b_2
   1000006     7.38277931E+02   # ~t_1
   2000006     9.22733900E+02   # ~t_2
   1000011     3.62080016E+02   # ~e_L
   2000011     2.62946647E+02   # ~e_R
   1000012     3.53463977E+02   # ~nu_eL
   1000013     3.62080016E+02   # ~mu_L
   2000013     2.62946647E+02   # ~mu_R
   1000014     3.53463977E+02   # ~nu_muL
   1000015     2.07571068E+02   # ~tau_1
   2000015     3.68143576E+02   # ~tau_2
   1000016     3.43244036E+02   # ~nu_tauL
   1000021     1.04261099E+03   # ~g
   1000022     1.84374968E+02   # ~chi_10
   1000023     3.47500710E+02   # ~chi_20
   1000025    -5.65509641E+02   # ~chi_30
   1000035     5.79098640E+02   # ~chi_40
   1000024     3.47389731E+02   # ~chi_1+
   1000037     5.79498504E+02   # ~chi_2+
#
BLOCK NMIX  # Neutralino Mixing Matrix
  1  1     9.95134201E-01   # N_11
  1  2    -1.61262152E-02   # N_12
  1  3     9.14922625E-02   # N_13
  1  4    -3.28181802E-02   # N_14
  2  1     4.03353329E-02   # N_21
  2  2     9.64929465E-01   # N_22
  2  3    -2.18490418E-01   # N_23
  2  4     1.39807460E-01   # N_24
  3  1     4.02812694E-02   # N_31
  3  2    -5.81165867E-02   # N_32
  3  3    -7.02417353E-01   # N_33
  3  4    -7.08244128E-01   # N_34
  4  1     8.03641842E-02   # N_41
  4  2    -2.55486860E-01   # N_42
  4  3    -6.71193687E-01   # N_43
  4  4     6.91206985E-01   # N_44
#
BLOCK UMIX  # Chargino Mixing Matrix U
  1  1    -9.50186621E-01   # U_11
  1  2     3.11681546E-01   # U_12
  2  1     3.11681546E-01   # U_21
  2  2     9.50186621E-01   # U_22
#
BLOCK VMIX  # Chargino Mixing Matrix V
  1  1    -9.79882308E-01   # V_11
  1  2     1.99576205E-01   # V_12
  2  1     1.99576205E-01   # V_21
  2  2     9.79882308E-01   # V_22
#
BLOCK STOPMIX  # Stop Mixing Matrix
  1  1     4.59782727E-01   # cos(theta_t)
  1  2     8.88031443E-01   # sin(theta_t)
  2  1    -8.88031443E-01   # -sin(theta_t)
  2  2     4.59782727E-01   # cos(theta_t)
#
BLOCK SBOTMIX  # Sbottom Mixing Matrix
  1  1     8.10189158E-01   # cos(theta_b)
  1  2     5.86168515E-01   # sin(theta_b)
  2  1    -5.86168515E-01   # -sin(theta_b)
  2  2     8.10189158E-01   # cos(theta_b)
#
BLOCK STAUMIX  # Stau Mixing Matrix
  1  1     3.53387990E-01   # cos(theta_tau)
  1  2     9.35476846E-01   # sin(theta_tau)
  2  1    -9.35476846E-01   # -sin(theta_tau)
  2  2     3.53387990E-01   # cos(theta_tau)
#
BLOCK ALPHA  # Higgs mixing
          -3.56195117E-02   # Mixing angle in the neutral Higgs boson sector
#
BLOCK HMIX Q=  7.98556996E+02  # DRbar Higgs Parameters
         1     5.60371972E+02   # mu(Q)               
         2     2.92677804E+01   # tanbeta(Q)          
         3     2.44474686E+02   # vev(Q)              
         4     3.89651709E+05   # MA^2(Q)             
#
BLOCK GAUGE Q=  7.98556996E+02  # The gauge couplings
     1     3.62126419E-01   # gprime(Q) DRbar
     2     6.43103192E-01   # g(Q) DRbar
     3     1.06589217E+00   # g3(Q) DRbar
#
BLOCK AU Q=  7.98556996E+02  # The trilinear couplings
  1  1    -1.04235465E+03   # A_u(Q) DRbar
  2  2    -1.04235465E+03   # A_c(Q) DRbar
  3  3    -7.94997754E+02   # A_t(Q) DRbar
#
BLOCK AD Q=  7.98556996E+02  # The trilinear couplings
  1  1    -1.22377168E+03   # A_d(Q) DRbar
  2  2    -1.22377168E+03   # A_s(Q) DRbar
  3  3    -1.09947276E+03   # A_b(Q) DRbar
#
BLOCK AE Q=  7.98556996E+02  # The trilinear couplings
  1  1    -2.21881410E+02   # A_e(Q) DRbar
  2  2    -2.21881410E+02   # A_mu(Q) DRbar
  3  3    -2.08326640E+02   # A_tau(Q) DRbar
#
BLOCK Yu Q=  7.98556996E+02  # The Yukawa couplings
  1  1     0.00000000E+00   # y_u(Q) DRbar
  2  2     0.00000000E+00   # y_c(Q) DRbar
  3  3     8.55802228E-01   # y_t(Q) DRbar
#
BLOCK Yd Q=  7.98556996E+02  # The Yukawa couplings
  1  1     0.00000000E+00   # y_d(Q) DRbar
  2  2     0.00000000E+00   # y_s(Q) DRbar
  3  3     3.85666188E-01   # y_b(Q) DRbar
#
BLOCK Ye Q=  7.98556996E+02  # The Yukawa couplings
  1  1     0.00000000E+00   # y_e(Q) DRbar
  2  2     0.00000000E+00   # y_mu(Q) DRbar
  3  3     3.11693157E-01   # y_tau(Q) DRbar
#
BLOCK MSOFT Q=  7.98556996E+02  # The soft SUSY breaking masses at the scale Q
         1     1.87928760E+02   # M_1                 
         2     3.49536365E+02   # M_2                 
         3     1.00972911E+03   # M_3                 
        21     1.64553065E+04   # M^2_Hd              
        22    -3.08684702E+05   # M^2_Hu              
        31     3.59161192E+02   # M_eL                
        32     3.59161192E+02   # M_muL               
        33     3.49108075E+02   # M_tauL              
        34     2.59202886E+02   # M_eR                
        35     2.59202886E+02   # M_muR               
        36     2.29504343E+02   # M_tauR              
        41     9.38095653E+02   # M_q1L               
        42     9.38095653E+02   # M_q2L               
        43     8.46648938E+02   # M_q3L               
        44     9.04744691E+02   # M_uR                
        45     9.04744691E+02   # M_cR                
        46     7.42772244E+02   # M_tR                
        47     9.00733318E+02   # M_dR                
        48     9.00733318E+02   # M_sR                
        49     8.63605594E+02   # M_bR                
#
#
#
#                             =================
#                             |The decay table|
#                             =================
#
# - The QCD corrections to the decays gluino -> squark  + quark
#                                     squark -> gaugino + quark_prime
#                                     squark -> squark_prime + Higgs
#                                     squark -> gluino  + quark
#   are included.
#
# - The multi-body decays for the inos, stops and sbottoms are included.
#
# - The loop induced decays for the gluino, neutralinos and stops
#   are included.
#
# - The SUSY decays of the top quark are included.
#
#
#         PDG            Width
DECAY         6     1.43222657E+00   # top decays
#          BR         NDA      ID1       ID2
     1.00000000E+00    2           5        24   # BR(t ->  b    W+)
#
#         PDG            Width
DECAY   1000021     1.00017602E+01   # gluino decays
#          BR         NDA      ID1       ID2
     1.83739432E-02    2     1000001        -1   # BR(~g -> ~d_L  db)
     1.83739432E-02    2    -1000001         1   # BR(~g -> ~d_L* d )
     4.14048860E-02    2     2000001        -1   # BR(~g -> ~d_R  db)
     4.14048860E-02    2    -2000001         1   # BR(~g -> ~d_R* d )
     1.99937721E-02    2     1000002        -2   # BR(~g -> ~u_L  ub)
     1.99937721E-02    2    -1000002         2   # BR(~g -> ~u_L* u )
     3.93805338E-02    2     2000002        -2   # BR(~g -> ~u_R  ub)
     3.93805338E-02    2    -2000002         2   # BR(~g -> ~u_R* u )
     1.83739432E-02    2     1000003        -3   # BR(~g -> ~s_L  sb)
     1.83739432E-02    2    -1000003         3   # BR(~g -> ~s_L* s )
     4.14048860E-02    2     2000003        -3   # BR(~g -> ~s_R  sb)
     4.14048860E-02    2    -2000003         3   # BR(~g -> ~s_R* s )
     1.99937721E-02    2     1000004        -4   # BR(~g -> ~c_L  cb)
     1.99937721E-02    2    -1000004         4   # BR(~g -> ~c_L* c )
     3.93805338E-02    2     2000004        -4   # BR(~g -> ~c_R  cb)
     3.93805338E-02    2    -2000004         4   # BR(~g -> ~c_R* c )
     9.71511465E-02    2     1000005        -5   # BR(~g -> ~b_1  bb)
     9.71511465E-02    2    -1000005         5   # BR(~g -> ~b_1* b )
     5.77156947E-02    2     2000005        -5   # BR(~g -> ~b_2  bb)
     5.77156947E-02    2    -2000005         5   # BR(~g -> ~b_2* b )
     1.06826888E-01    2     1000006        -6   # BR(~g -> ~t_1  tb)
     1.06826888E-01    2    -1000006         6   # BR(~g -> ~t_1* t )
#
#         PDG            Width
DECAY   1000006     4.73904954E+00   # stop1 decays
#          BR         NDA      ID1       ID2
     2.40196452E-01    2     1000022         6   # BR(~t_1 -> ~chi_10 t )
     1.43072648E-01    2     1000023         6   # BR(~t_1 -> ~chi_20 t )
     1.88662120E-02    2     1000025         6   # BR(~t_1 -> ~chi_30 t )
     3.75576307E-01    2     1000024         5   # BR(~t_1 -> ~chi_1+ b )
     2.22288381E-01    2     1000037         5   # BR(~t_1 -> ~chi_2+ b )
#
#         PDG            Width
DECAY   2000006     1.36243938E+01   # stop2 decays
#          BR         NDA      ID1       ID2
     2.63890558E-02    2     1000022         6   # BR(~t_2 -> ~chi_10 t )
     1.01261199E-01    2     1000023         6   # BR(~t_2 -> ~chi_20 t )
     1.04807523E-01    2     1000025         6   # BR(~t_2 -> ~chi_30 t )
     2.32918044E-01    2     1000035         6   # BR(~t_2 -> ~chi_40 t )
     2.33754779E-01    2     1000024         5   # BR(~t_2 -> ~chi_1+ b )
     1.74458799E-01    2     1000037         5   # BR(~t_2 -> ~chi_2+ b )
     3.95812114E-02    2     1000006        25   # BR(~t_2 -> ~t_1    h )
     8.68293893E-02    2     1000006        23   # BR(~t_2 -> ~t_1    Z )
#
#         PDG            Width
DECAY   1000005     8.33062323E+00   # sbottom1 decays
#          BR         NDA      ID1       ID2
     4.70782290E-02    2     1000022         5   # BR(~b_1 -> ~chi_10 b )
     2.36460378E-01    2     1000023         5   # BR(~b_1 -> ~chi_20 b )
     4.29700656E-02    2     1000025         5   # BR(~b_1 -> ~chi_30 b )
     2.63789504E-02    2     1000035         5   # BR(~b_1 -> ~chi_40 b )
     3.97696686E-01    2    -1000024         6   # BR(~b_1 -> ~chi_1- t )
     1.97622206E-01    2    -1000037         6   # BR(~b_1 -> ~chi_2- t )
     5.17934846E-02    2     1000006       -24   # BR(~b_1 -> ~t_1    W-)
#
#         PDG            Width
DECAY   2000005     6.60309450E+00   # sbottom2 decays
#          BR         NDA      ID1       ID2
     3.55296038E-02    2     1000022         5   # BR(~b_2 -> ~chi_10 b )
     7.50109063E-02    2     1000023         5   # BR(~b_2 -> ~chi_20 b )
     8.36782210E-02    2     1000025         5   # BR(~b_2 -> ~chi_30 b )
     1.02179615E-01    2     1000035         5   # BR(~b_2 -> ~chi_40 b )
     1.25717877E-01    2    -1000024         6   # BR(~b_2 -> ~chi_1- t )
     4.53826888E-01    2    -1000037         6   # BR(~b_2 -> ~chi_2- t )
     1.24056888E-01    2     1000006       -24   # BR(~b_2 -> ~t_1    W-)
#
#         PDG            Width
DECAY   1000002     8.76861572E+00   # sup_L decays
#          BR         NDA      ID1       ID2
     1.19382316E-02    2     1000022         2   # BR(~u_L -> ~chi_10 u)
     3.17525313E-01    2     1000023         2   # BR(~u_L -> ~chi_20 u)
     4.93183364E-04    2     1000025         2   # BR(~u_L -> ~chi_30 u)
     1.06024236E-02    2     1000035         2   # BR(~u_L -> ~chi_40 u)
     6.44848945E-01    2     1000024         1   # BR(~u_L -> ~chi_1+ d)
     1.45919028E-02    2     1000037         1   # BR(~u_L -> ~chi_2+ d)
#
#         PDG            Width
DECAY   2000002     1.94667104E+00   # sup_R decays
#          BR         NDA      ID1       ID2
     9.95264642E-01    2     1000022         2   # BR(~u_R -> ~chi_10 u)
     1.31869925E-03    2     1000023         2   # BR(~u_R -> ~chi_20 u)
     7.17320209E-04    2     1000025         2   # BR(~u_R -> ~chi_30 u)
     2.69933871E-03    2     1000035         2   # BR(~u_R -> ~chi_40 u)
#
#         PDG            Width
DECAY   1000001     8.64433003E+00   # sdown_L decays
#          BR         NDA      ID1       ID2
     1.71779921E-02    2     1000022         1   # BR(~d_L -> ~chi_10 d)
     3.13660692E-01    2     1000023         1   # BR(~d_L -> ~chi_20 d)
     8.52546370E-04    2     1000025         1   # BR(~d_L -> ~chi_30 d)
     1.37636786E-02    2     1000035         1   # BR(~d_L -> ~chi_40 d)
     6.18072303E-01    2    -1000024         2   # BR(~d_L -> ~chi_1- u)
     3.64727878E-02    2    -1000037         2   # BR(~d_L -> ~chi_2- u)
#
#         PDG            Width
DECAY   2000001     4.85076842E-01   # sdown_R decays
#          BR         NDA      ID1       ID2
     9.95290364E-01    2     1000022         1   # BR(~d_R -> ~chi_10 d)
     1.31678526E-03    2     1000023         1   # BR(~d_R -> ~chi_20 d)
     7.12634356E-04    2     1000025         1   # BR(~d_R -> ~chi_30 d)
     2.68021615E-03    2     1000035         1   # BR(~d_R -> ~chi_40 d)
#
#         PDG            Width
DECAY   1000004     8.76861572E+00   # scharm_L decays
#          BR         NDA      ID1       ID2
     1.19382316E-02    2     1000022         4   # BR(~c_L -> ~chi_10 c)
     3.17525313E-01    2     1000023         4   # BR(~c_L -> ~chi_20 c)
     4.93183364E-04    2     1000025         4   # BR(~c_L -> ~chi_30 c)
     1.06024236E-02    2     1000035         4   # BR(~c_L -> ~chi_40 c)
     6.44848945E-01    2     1000024         3   # BR(~c_L -> ~chi_1+ s)
     1.45919028E-02    2     1000037         3   # BR(~c_L -> ~chi_2+ s)
#
#         PDG            Width
DECAY   2000004     1.94667104E+00   # scharm_R decays
#          BR         NDA      ID1       ID2
     9.95264642E-01    2     1000022         4   # BR(~c_R -> ~chi_10 c)
     1.31869925E-03    2     1000023         4   # BR(~c_R -> ~chi_20 c)
     7.17320209E-04    2     1000025         4   # BR(~c_R -> ~chi_30 c)
     2.69933871E-03    2     1000035         4   # BR(~c_R -> ~chi_40 c)
#
#         PDG            Width
DECAY   1000003     8.64433003E+00   # sstrange_L decays
#          BR         NDA      ID1       ID2
     1.71779921E-02    2     1000022         3   # BR(~s_L -> ~chi_10 s)
     3.13660692E-01    2     1000023         3   # BR(~s_L -> ~chi_20 s)
     8.52546370E-04    2     1000025         3   # BR(~s_L -> ~chi_30 s)
     1.37636786E-02    2     1000035         3   # BR(~s_L -> ~chi_40 s)
     6.18072303E-01    2    -1000024         4   # BR(~s_L -> ~chi_1- c)
     3.64727878E-02    2    -1000037         4   # BR(~s_L -> ~chi_2- c)
#
#         PDG            Width
DECAY   2000003     4.85076842E-01   # sstrange_R decays
#          BR         NDA      ID1       ID2
     9.95290364E-01    2     1000022         3   # BR(~s_R -> ~chi_10 s)
     1.31678526E-03    2     1000023         3   # BR(~s_R -> ~chi_20 s)
     7.12634356E-04    2     1000025         3   # BR(~s_R -> ~chi_30 s)
     2.68021615E-03    2     1000035         3   # BR(~s_R -> ~chi_40 s)
#
#         PDG            Width
DECAY   1000011     2.68101902E-01   # selectron_L decays
#          BR         NDA      ID1       ID2
     9.02848780E-01    2     1000022        11   # BR(~e_L -> ~chi_10 e-)
     3.37461569E-02    2     1000023        11   # BR(~e_L -> ~chi_20 e-)
     6.34050632E-02    2    -1000024        12   # BR(~e_L -> ~chi_1- nu_e)
#
#         PDG            Width
DECAY   2000011     3.51085416E-01   # selectron_R decays
#          BR         NDA      ID1       ID2
     1.00000000E+00    2     1000022        11   # BR(~e_R -> ~chi_10 e-)
#
#         PDG            Width
DECAY   1000013     2.68101902E-01   # smuon_L decays
#          BR         NDA      ID1       ID2
     9.02848780E-01    2     1000022        13   # BR(~mu_L -> ~chi_10 mu-)
     3.37461569E-02    2     1000023        13   # BR(~mu_L -> ~chi_20 mu-)
     6.34050632E-02    2    -1000024        14   # BR(~mu_L -> ~chi_1- nu_mu)
#
#         PDG            Width
DECAY   2000013     3.51085416E-01   # smuon_R decays
#          BR         NDA      ID1       ID2
     1.00000000E+00    2     1000022        13   # BR(~mu_R -> ~chi_10 mu-)
#
#         PDG            Width
DECAY   1000015     4.48927808E-02   # stau_1 decays
#          BR         NDA      ID1       ID2
     1.00000000E+00    2     1000022        15   # BR(~tau_1 -> ~chi_10  tau-)
#
#         PDG            Width
DECAY   2000015     8.96889301E-01   # stau_2 decays
#          BR         NDA      ID1       ID2
     3.73167597E-01    2     1000022        15   # BR(~tau_2 -> ~chi_10  tau-)
     1.51936122E-02    2     1000023        15   # BR(~tau_2 -> ~chi_20  tau-)
     2.83037673E-02    2    -1000024        16   # BR(~tau_2 -> ~chi_1-  nu_tau)
     2.45886860E-01    2     1000015        25   # BR(~tau_2 -> ~tau_1   h)
     3.37448164E-01    2     1000015        23   # BR(~tau_2 -> ~tau_1   Z)
#
#         PDG            Width
DECAY   1000012     2.60738945E-01   # snu_eL decays
#          BR         NDA      ID1       ID2
     9.82023033E-01    2     1000022        12   # BR(~nu_eL -> ~chi_10 nu_e)
     5.54220663E-03    2     1000023        12   # BR(~nu_eL -> ~chi_20 nu_e)
     1.24347606E-02    2     1000024        11   # BR(~nu_eL -> ~chi_1+ e-)
#
#         PDG            Width
DECAY   1000014     2.60738945E-01   # snu_muL decays
#          BR         NDA      ID1       ID2
     9.82023033E-01    2     1000022        14   # BR(~nu_muL -> ~chi_10 nu_mu)
     5.54220663E-03    2     1000023        14   # BR(~nu_muL -> ~chi_20 nu_mu)
     1.24347606E-02    2     1000024        13   # BR(~nu_muL -> ~chi_1+ mu-)
#
#         PDG            Width
DECAY   1000016     6.51146781E-01   # snu_tauL decays
#          BR         NDA      ID1       ID2
     3.64803892E-01    2     1000022        16   # BR(~nu_tauL -> ~chi_10 nu_tau)
     6.35196108E-01    2    -1000015       -24   # BR(~nu_tauL -> ~tau_1+ W-)
#
#         PDG            Width
DECAY   1000024     1.47186075E-01   # chargino1+ decays
#          BR         NDA      ID1       ID2
     5.48968182E-03    2     1000016       -15   # BR(~chi_1+ -> ~nu_tau1 tau+)
     9.13730640E-01    2    -1000015        16   # BR(~chi_1+ -> ~tau_1+  nu_tau)
     8.07796783E-02    2     1000022        24   # BR(~chi_1+ -> ~chi_10  W+)
#
#         PDG            Width
DECAY   1000037     3.63062418E+00   # chargino2+ decays
#          BR         NDA      ID1       ID2
     1.03137992E-02    2     1000012       -11   # BR(~chi_2+ -> ~nu_eL   e+  )
     1.03137992E-02    2     1000014       -13   # BR(~chi_2+ -> ~nu_muL  mu+ )
     6.92291964E-02    2     1000016       -15   # BR(~chi_2+ -> ~nu_tau1 tau+)
     2.37056262E-02    2    -1000011        12   # BR(~chi_2+ -> ~e_L+    nu_e)
     2.37056262E-02    2    -1000013        14   # BR(~chi_2+ -> ~mu_L+   nu_mu)
     5.13071403E-02    2    -1000015        16   # BR(~chi_2+ -> ~tau_1+  nu_tau)
     4.82116747E-02    2    -2000015        16   # BR(~chi_2+ -> ~tau_2+  nu_tau)
     2.32740922E-01    2     1000024        23   # BR(~chi_2+ -> ~chi_1+  Z )
     8.56141056E-02    2     1000022        24   # BR(~chi_2+ -> ~chi_10  W+)
     2.49979587E-01    2     1000023        24   # BR(~chi_2+ -> ~chi_20  W+)
     1.94878523E-01    2     1000024        25   # BR(~chi_2+ -> ~chi_1+  h )
#
#         PDG            Width
DECAY   1000022     0.00000000E+00   # neutralino1 decays
#
#         PDG            Width
DECAY   1000023     1.56304045E-01   # neutralino2 decays
#          BR         NDA      ID1       ID2
     9.91603322E-03    2     1000022        23   # BR(~chi_20 -> ~chi_10   Z )
     7.21407363E-02    2     1000022        25   # BR(~chi_20 -> ~chi_10   h )
     1.72405037E-03    2     2000011       -11   # BR(~chi_20 -> ~e_R-     e+)
     1.72405037E-03    2    -2000011        11   # BR(~chi_20 -> ~e_R+     e-)
     1.72405037E-03    2     2000013       -13   # BR(~chi_20 -> ~mu_R-    mu+)
     1.72405037E-03    2    -2000013        13   # BR(~chi_20 -> ~mu_R+    mu-)
     4.53116537E-01    2     1000015       -15   # BR(~chi_20 -> ~tau_1-   tau+)
     4.53116537E-01    2    -1000015        15   # BR(~chi_20 -> ~tau_1+   tau-)
     2.40697715E-03    2     1000016       -16   # BR(~chi_20 -> ~nu_tau1  nu_taub)
     2.40697715E-03    2    -1000016        16   # BR(~chi_20 -> ~nu_tau1* nu_tau )
#
#         PDG            Width
DECAY   1000025     3.25783101E+00   # neutralino3 decays
#          BR         NDA      ID1       ID2
     9.24857417E-02    2     1000022        23   # BR(~chi_30 -> ~chi_10   Z )
     2.11438463E-01    2     1000023        23   # BR(~chi_30 -> ~chi_20   Z )
     2.43740781E-01    2     1000024       -24   # BR(~chi_30 -> ~chi_1+   W-)
     2.43740781E-01    2    -1000024        24   # BR(~chi_30 -> ~chi_1-   W+)
     1.95306269E-02    2     1000022        25   # BR(~chi_30 -> ~chi_10   h )
     8.64870930E-03    2     1000023        25   # BR(~chi_30 -> ~chi_20   h )
     1.56090367E-04    2     1000011       -11   # BR(~chi_30 -> ~e_L-     e+)
     1.56090367E-04    2    -1000011        11   # BR(~chi_30 -> ~e_L+     e-)
     4.51418220E-04    2     2000011       -11   # BR(~chi_30 -> ~e_R-     e+)
     4.51418220E-04    2    -2000011        11   # BR(~chi_30 -> ~e_R+     e-)
     1.56090367E-04    2     1000013       -13   # BR(~chi_30 -> ~mu_L-    mu+)
     1.56090367E-04    2    -1000013        13   # BR(~chi_30 -> ~mu_L+    mu-)
     4.51418220E-04    2     2000013       -13   # BR(~chi_30 -> ~mu_R-    mu+)
     4.51418220E-04    2    -2000013        13   # BR(~chi_30 -> ~mu_R+    mu-)
     5.53975652E-02    2     1000015       -15   # BR(~chi_30 -> ~tau_1-   tau+)
     5.53975652E-02    2    -1000015        15   # BR(~chi_30 -> ~tau_1+   tau-)
     3.09340279E-02    2     2000015       -15   # BR(~chi_30 -> ~tau_2-   tau+)
     3.09340279E-02    2    -2000015        15   # BR(~chi_30 -> ~tau_2+   tau-)
     8.65478047E-04    2     1000012       -12   # BR(~chi_30 -> ~nu_eL    nu_eb)
     8.65478047E-04    2    -1000012        12   # BR(~chi_30 -> ~nu_eL*   nu_e )
     8.65478047E-04    2     1000014       -14   # BR(~chi_30 -> ~nu_muL   nu_mub)
     8.65478047E-04    2    -1000014        14   # BR(~chi_30 -> ~nu_muL*  nu_mu )
     9.29882474E-04    2     1000016       -16   # BR(~chi_30 -> ~nu_tau1  nu_taub)
     9.29882474E-04    2    -1000016        16   # BR(~chi_30 -> ~nu_tau1* nu_tau )
#
#         PDG            Width
DECAY   1000035     3.72528950E+00   # neutralino4 decays
#          BR         NDA      ID1       ID2
     1.94793319E-02    2     1000022        23   # BR(~chi_40 -> ~chi_10   Z )
     1.32123946E-02    2     1000023        23   # BR(~chi_40 -> ~chi_20   Z )
     2.38912607E-01    2     1000024       -24   # BR(~chi_40 -> ~chi_1+   W-)
     2.38912607E-01    2    -1000024        24   # BR(~chi_40 -> ~chi_1-   W+)
     7.43105182E-02    2     1000022        25   # BR(~chi_40 -> ~chi_10   h )
     1.75926119E-01    2     1000023        25   # BR(~chi_40 -> ~chi_20   h )
     5.24275517E-03    2     1000011       -11   # BR(~chi_40 -> ~e_L-     e+)
     5.24275517E-03    2    -1000011        11   # BR(~chi_40 -> ~e_L+     e-)
     1.65051976E-03    2     2000011       -11   # BR(~chi_40 -> ~e_R-     e+)
     1.65051976E-03    2    -2000011        11   # BR(~chi_40 -> ~e_R+     e-)
     5.24275517E-03    2     1000013       -13   # BR(~chi_40 -> ~mu_L-    mu+)
     5.24275517E-03    2    -1000013        13   # BR(~chi_40 -> ~mu_L+    mu-)
     1.65051976E-03    2     2000013       -13   # BR(~chi_40 -> ~mu_R-    mu+)
     1.65051976E-03    2    -2000013        13   # BR(~chi_40 -> ~mu_R+    mu-)
     3.23631699E-02    2     1000015       -15   # BR(~chi_40 -> ~tau_1-   tau+)
     3.23631699E-02    2    -1000015        15   # BR(~chi_40 -> ~tau_1+   tau-)
     3.85326258E-02    2     2000015       -15   # BR(~chi_40 -> ~tau_2-   tau+)
     3.85326258E-02    2    -2000015        15   # BR(~chi_40 -> ~tau_2+   tau-)
     1.13857556E-02    2     1000012       -12   # BR(~chi_40 -> ~nu_eL    nu_eb)
     1.13857556E-02    2    -1000012        12   # BR(~chi_40 -> ~nu_eL*   nu_e )
     1.13857556E-02    2     1000014       -14   # BR(~chi_40 -> ~nu_muL   nu_mub)
     1.13857556E-02    2    -1000014        14   # BR(~chi_40 -> ~nu_muL*  nu_mu )
     1.21693544E-02    2     1000016       -16   # BR(~chi_40 -> ~nu_tau1  nu_taub)
     1.21693544E-02    2    -1000016        16   # BR(~chi_40 -> ~nu_tau1* nu_tau )
#
#         PDG            Width
DECAY        25     3.84938104E-03   # h decays
#          BR         NDA      ID1       ID2
     7.82353430E-01    2           5        -5   # BR(h -> b       bb     )
     6.70979015E-02    2         -15        15   # BR(h -> tau+    tau-   )
     2.37528850E-04    2         -13        13   # BR(h -> mu+     mu-    )
     5.11394498E-04    2           3        -3   # BR(h -> s       sb     )
     2.04977060E-02    2           4        -4   # BR(h -> c       cb     )
     5.65521264E-02    2          21        21   # BR(h -> g       g      )
     1.72922960E-03    2          22        22   # BR(h -> gam     gam    )
     5.56642633E-04    2          22        23   # BR(h -> Z       gam    )
     6.38951048E-02    2          24       -24   # BR(h -> W+      W-     )
     6.56893591E-03    2          23        23   # BR(h -> Z       Z      )
#
#         PDG            Width
DECAY        35     8.01376157E+00   # H decays
#          BR         NDA      ID1       ID2
     8.65716450E-01    2           5        -5   # BR(H -> b       bb     )
     1.26603962E-01    2         -15        15   # BR(H -> tau+    tau-   )
     4.47565536E-04    2         -13        13   # BR(H -> mu+     mu-    )
     7.00532859E-04    2           3        -3   # BR(H -> s       sb     )
     4.64261985E-08    2           4        -4   # BR(H -> c       cb     )
     2.86880199E-03    2           6        -6   # BR(H -> t       tb     )
     2.23603837E-04    2          21        21   # BR(H -> g       g      )
     2.27065001E-07    2          22        22   # BR(H -> gam     gam    )
     6.89033234E-08    2          23        22   # BR(H -> Z       gam    )
     1.45789530E-05    2          24       -24   # BR(H -> W+      W-     )
     7.04840448E-06    2          23        23   # BR(H -> Z       Z      )
     6.02069590E-05    2          25        25   # BR(H -> h       h      )
     2.89370826E-22    2          36        36   # BR(H -> A       A      )
     1.36893362E-19    2          23        36   # BR(H -> Z       A      )
     6.57611307E-04    2     1000022   1000022   # BR(H -> ~chi_10 ~chi_10)
     5.79481348E-04    2     1000022   1000023   # BR(H -> ~chi_10 ~chi_20)
     1.84387375E-06    2     2000011  -2000011   # BR(H -> ~e_R-   ~e_R+  )
     1.84387375E-06    2     2000013  -2000013   # BR(H -> ~mu_R-  ~mu_R+ )
     2.11612684E-03    2     1000015  -1000015   # BR(H -> ~tau_1- ~tau_1+)
#
#         PDG            Width
DECAY        36     8.03916432E+00   # A decays
#          BR         NDA      ID1       ID2
     8.63108244E-01    2           5        -5   # BR(A -> b       bb     )
     1.26210761E-01    2         -15        15   # BR(A -> tau+    tau-   )
     4.46158314E-04    2         -13        13   # BR(A -> mu+     mu-    )
     6.98394826E-04    2           3        -3   # BR(A -> s       sb     )
     4.29315056E-08    2           4        -4   # BR(A -> c       cb     )
     3.83032716E-03    2           6        -6   # BR(A -> t       tb     )
     2.52571232E-04    2          21        21   # BR(A -> g       g      )
     3.24111244E-07    2          22        22   # BR(A -> gam     gam    )
     7.11287281E-08    2          23        22   # BR(A -> Z       gam    )
     1.32475822E-05    2          23        25   # BR(A -> Z       h      )
     1.18069067E-03    2     1000022   1000022   # BR(A -> ~chi_10 ~chi_10)
     4.25916707E-03    2     1000022   1000023   # BR(A -> ~chi_10 ~chi_20)
#
#         PDG            Width
DECAY        37     6.30524274E+00   # H+ decays
#          BR         NDA      ID1       ID2
     1.41779979E-03    2           4        -5   # BR(H+ -> c       bb     )
     1.62599697E-01    2         -15        16   # BR(H+ -> tau+    nu_tau )
     5.74793917E-04    2         -13        14   # BR(H+ -> mu+     nu_mu  )
     9.07367731E-06    2           2        -5   # BR(H+ -> u       bb     )
     4.27169735E-05    2           2        -3   # BR(H+ -> u       sb     )
     8.78635195E-04    2           4        -3   # BR(H+ -> c       sb     )
     8.24455970E-01    2           6        -5   # BR(H+ -> t       bb     )
     1.78460358E-05    2          24        25   # BR(H+ -> W+      h      )
     1.56478290E-09    2          24        36   # BR(H+ -> W+      A      )
     6.41318593E-03    2     1000024   1000022   # BR(H+ -> ~chi_1+ ~chi_10)
     3.59028052E-03    2    -1000015   1000016   # BR(H+ -> ~tau_1+ ~nu_tauL)
