#
#                              ======================
#                              | THE SUSYHIT OUTPUT |
#                              ======================
#
#
#              ------------------------------------------------------
#              |     This is the output of the SUSY-HIT package     |
#              |  created by A.Djouadi, M.Muehlleitner and M.Spira. |
#              |  In case of problems with SUSY-HIT email to        |
#              |           margarete.muehlleitner@cern.ch           |
#              |           michael.spira@psi.ch                     |
#              |           abdelhak.djouadi@cern.ch                 |
#              ------------------------------------------------------
#
#              ------------------------------------------------------
#              |  SUSY Les Houches Accord - MSSM Spectrum + Decays  |
#              |              based on the decay programs           |
#              |                                                    |
#              |                     SDECAY 1.3b                    |
#              |                                                    |
#              |  Authors: M.Muhlleitner, A.Djouadi and Y.Mambrini  |
#              |  Ref.:    Comput.Phys.Commun.168(2005)46           |
#              |           [hep-ph/0311167]                         |
#              |                                                    |
#              |                     HDECAY 3.4                     |
#              |                                                    |
#              |  By: A.Djouadi,J.Kalinowski,M.Muhlleitner,M.Spira  |
#              |  Ref.:    Comput.Phys.Commun.108(1998)56           |
#              |           [hep-ph/9704448]                         |
#              |                                                    |
#              |                                                    |
#              |  If not stated otherwise all DRbar couplings and   |
#              |  soft SUSY breaking masses are given at the scale  |
#              |  Q=  0.71441387E+03
#              |                                                    |
#              ------------------------------------------------------
#
#
BLOCK DCINFO  # Decay Program information
     1   SDECAY/HDECAY # decay calculator
     2   1.3b  /3.4    # version number
#
BLOCK SPINFO  # Spectrum calculator information
     1   SuSpect     # RGE +Spectrum calculator            
     2   2.41        # version number                      
#
BLOCK MODSEL  # Model selection
     1     1   # #SUGRA                                            
#
BLOCK SMINPUTS  # Standard Model inputs
         1     1.27934000E+02   # alpha_em^-1(M_Z)^MSbar
         2     1.16639000E-05   # G_F [GeV^-2]
         3     1.17200000E-01   # alpha_S(M_Z)^MSbar
         4     9.11870000E+01   # M_Z pole mass
         5     4.25000000E+00   # mb(mb)^MSbar
         6     1.72500000E+02   # mt pole mass
         7     1.77710000E+00   # mtau pole mass
#
BLOCK MINPAR  # Input parameters - minimal models
         1     9.00000000E+01   # m0                  
         2     4.00000000E+02   # m_1                 
         3     1.00000000E+01   # tanbeta(mZ)         
         4     1.00000000E+00   # sign(mu)            
         5     0.00000000E+00   # A0                  
#
BLOCK EXTPAR  # Input parameters - non-minimal models
         0     7.14413874E+02   # EWSB                
#
BLOCK MASS  # Mass Spectrum
# PDG code           mass       particle
        24     8.04787295E+01   # W+
        25     1.12972593E+02   # h
        35     5.79968314E+02   # H
        36     5.79614151E+02   # A
        37     5.85465785E+02   # H+
         5     4.87877839E+00   # b-quark pole mass calculated from mb(mb)_Msbar
   1000001     8.58625940E+02   # ~d_L
   2000001     8.23967373E+02   # ~d_R
   1000002     8.55030899E+02   # ~u_L
   2000002     8.26323897E+02   # ~u_R
   1000003     8.58625940E+02   # ~s_L
   2000003     8.23967373E+02   # ~s_R
   1000004     8.55030899E+02   # ~c_L
   2000004     8.26323897E+02   # ~c_R
   1000005     7.92093230E+02   # ~b_1
   2000005     8.22950296E+02   # ~b_2
   1000006     6.49262688E+02   # ~t_1
   2000006     8.42364980E+02   # ~t_2
   1000011     2.84759927E+02   # ~e_L
   2000011     1.77852159E+02   # ~e_R
   1000012     2.73890872E+02   # ~nu_eL
   1000013     2.84759927E+02   # ~mu_L
   2000013     1.77852159E+02   # ~mu_R
   1000014     2.73890872E+02   # ~nu_muL
   1000015     1.70412056E+02   # ~tau_1
   2000015     2.86925773E+02   # ~tau_2
   1000016     2.73073524E+02   # ~nu_tauL
   1000021     9.32994967E+02   # ~g
   1000022     1.61618425E+02   # ~chi_10
   1000023     3.03085103E+02   # ~chi_20
   1000025    -5.18448321E+02   # ~chi_30
   1000035     5.34928803E+02   # ~chi_40
   1000024     3.02816843E+02   # ~chi_1+
   1000037     5.34697300E+02   # ~chi_2+
#
BLOCK NMIX  # Neutralino Mixing Matrix
  1  1     9.93588334E-01   # N_11
  1  2    -2.60488955E-02   # N_12
  1  3     1.01996968E-01   # N_13
  1  4    -4.12346482E-02   # N_14
  2  1     5.50057371E-02   # N_21
  2  2     9.59974318E-01   # N_22
  2  3    -2.29975125E-01   # N_23
  2  4     1.50117020E-01   # N_24
  3  1     4.10657968E-02   # N_31
  3  2    -5.96499270E-02   # N_32
  3  3    -7.01780061E-01   # N_33
  3  4    -7.08703205E-01   # N_34
  4  1     8.98342470E-02   # N_41
  4  2    -2.72419988E-01   # N_42
  4  3    -6.66492916E-01   # N_43
  4  4     6.88116524E-01   # N_44
#
BLOCK UMIX  # Chargino Mixing Matrix U
  1  1    -9.43736560E-01   # U_11
  1  2     3.30698210E-01   # U_12
  2  1     3.30698210E-01   # U_21
  2  2     9.43736560E-01   # U_22
#
BLOCK VMIX  # Chargino Mixing Matrix V
  1  1    -9.76305920E-01   # V_11
  1  2     2.16394896E-01   # V_12
  2  1     2.16394896E-01   # V_21
  2  2     9.76305920E-01   # V_22
#
BLOCK STOPMIX  # Stop Mixing Matrix
  1  1     4.70948127E-01   # cos(theta_t)
  1  2     8.82160905E-01   # sin(theta_t)
  2  1    -8.82160905E-01   # -sin(theta_t)
  2  2     4.70948127E-01   # cos(theta_t)
#
BLOCK SBOTMIX  # Sbottom Mixing Matrix
  1  1     9.48413875E-01   # cos(theta_b)
  1  2     3.17034890E-01   # sin(theta_b)
  2  1    -3.17034890E-01   # -sin(theta_b)
  2  2     9.48413875E-01   # cos(theta_b)
#
BLOCK STAUMIX  # Stau Mixing Matrix
  1  1     1.77669579E-01   # cos(theta_tau)
  1  2     9.84090199E-01   # sin(theta_tau)
  2  1    -9.84090199E-01   # -sin(theta_tau)
  2  2     1.77669579E-01   # cos(theta_tau)
#
BLOCK ALPHA  # Higgs mixing
          -1.08512424E-01   # Mixing angle in the neutral Higgs boson sector
#
BLOCK HMIX Q=  7.14413874E+02  # DRbar Higgs Parameters
         1     5.13414094E+02   # mu(Q)               
         2     9.69524090E+00   # tanbeta(Q)          
         3     2.44599188E+02   # vev(Q)              
         4     3.49340169E+05   # MA^2(Q)             
#
BLOCK GAUGE Q=  7.14413874E+02  # The gauge couplings
     1     3.61986237E-01   # gprime(Q) DRbar
     2     6.43974408E-01   # g(Q) DRbar
     3     1.07202198E+00   # g3(Q) DRbar
#
BLOCK AU Q=  7.14413874E+02  # The trilinear couplings
  1  1    -9.36658889E+02   # A_u(Q) DRbar
  2  2    -9.36658889E+02   # A_c(Q) DRbar
  3  3    -7.23206248E+02   # A_t(Q) DRbar
#
BLOCK AD Q=  7.14413874E+02  # The trilinear couplings
  1  1    -1.14734052E+03   # A_d(Q) DRbar
  2  2    -1.14734052E+03   # A_s(Q) DRbar
  3  3    -1.07223143E+03   # A_b(Q) DRbar
#
BLOCK AE Q=  7.14413874E+02  # The trilinear couplings
  1  1    -2.41688846E+02   # A_e(Q) DRbar
  2  2    -2.41688846E+02   # A_mu(Q) DRbar
  3  3    -2.40355827E+02   # A_tau(Q) DRbar
#
BLOCK Yu Q=  7.14413874E+02  # The Yukawa couplings
  1  1     0.00000000E+00   # y_u(Q) DRbar
  2  2     0.00000000E+00   # y_c(Q) DRbar
  3  3     8.63422872E-01   # y_t(Q) DRbar
#
BLOCK Yd Q=  7.14413874E+02  # The Yukawa couplings
  1  1     0.00000000E+00   # y_d(Q) DRbar
  2  2     0.00000000E+00   # y_s(Q) DRbar
  3  3     1.36759224E-01   # y_b(Q) DRbar
#
BLOCK Ye Q=  7.14413874E+02  # The Yukawa couplings
  1  1     0.00000000E+00   # y_e(Q) DRbar
  2  2     0.00000000E+00   # y_mu(Q) DRbar
  3  3     1.00614741E-01   # y_tau(Q) DRbar
#
BLOCK MSOFT Q=  7.14413874E+02  # The soft SUSY breaking masses at the scale Q
         1     1.65886667E+02   # M_1                 
         2     3.09426943E+02   # M_2                 
         3     9.04811860E+02   # M_3                 
        21     6.80337057E+04   # M^2_Hd              
        22    -2.57520231E+05   # M^2_Hu              
        31     2.81089846E+02   # M_eL                
        32     2.81089846E+02   # M_muL               
        33     2.80293491E+02   # M_tauL              
        34     1.72374053E+02   # M_eR                
        35     1.72374053E+02   # M_muR               
        36     1.69707278E+02   # M_tauR              
        41     8.28502564E+02   # M_q1L               
        42     8.28502564E+02   # M_q2L               
        43     7.63858313E+02   # M_q3L               
        44     7.98438220E+02   # M_uR                
        45     7.98438220E+02   # M_cR                
        46     6.58320212E+02   # M_tR                
        47     7.94837704E+02   # M_dR                
        48     7.94837704E+02   # M_sR                
        49     7.90702412E+02   # M_bR                
#
#
#
#                             =================
#                             |The decay table|
#                             =================
#
# - The QCD corrections to the decays gluino -> squark  + quark
#                                     squark -> gaugino + quark_prime
#                                     squark -> squark_prime + Higgs
#                                     squark -> gluino  + quark
#   are included.
#
# - The multi-body decays for the inos, stops and sbottoms are included.
#
# - The loop induced decays for the gluino, neutralinos and stops
#   are included.
#
# - The SUSY decays of the top quark are included.
#
#
#         PDG            Width
DECAY         6     1.43598825E+00   # top decays
#          BR         NDA      ID1       ID2
     1.00000000E+00    2           5        24   # BR(t ->  b    W+)
#
#         PDG            Width
DECAY   1000021     9.56993092E+00   # gluino decays
#          BR         NDA      ID1       ID2
     2.29160318E-02    2     1000001        -1   # BR(~g -> ~d_L  db)
     2.29160318E-02    2    -1000001         1   # BR(~g -> ~d_L* d )
     4.73653483E-02    2     2000001        -1   # BR(~g -> ~d_R  db)
     4.73653483E-02    2    -2000001         1   # BR(~g -> ~d_R* d )
     2.50841594E-02    2     1000002        -2   # BR(~g -> ~u_L  ub)
     2.50841594E-02    2    -1000002         2   # BR(~g -> ~u_L* u )
     4.54616711E-02    2     2000002        -2   # BR(~g -> ~u_R  ub)
     4.54616711E-02    2    -2000002         2   # BR(~g -> ~u_R* u )
     2.29160318E-02    2     1000003        -3   # BR(~g -> ~s_L  sb)
     2.29160318E-02    2    -1000003         3   # BR(~g -> ~s_L* s )
     4.73653483E-02    2     2000003        -3   # BR(~g -> ~s_R  sb)
     4.73653483E-02    2    -2000003         3   # BR(~g -> ~s_R* s )
     2.50841594E-02    2     1000004        -4   # BR(~g -> ~c_L  cb)
     2.50841594E-02    2    -1000004         4   # BR(~g -> ~c_L* c )
     4.54616711E-02    2     2000004        -4   # BR(~g -> ~c_R  cb)
     4.54616711E-02    2    -2000004         4   # BR(~g -> ~c_R* c )
     7.38005397E-02    2     1000005        -5   # BR(~g -> ~b_1  bb)
     7.38005397E-02    2    -1000005         5   # BR(~g -> ~b_1* b )
     4.89241297E-02    2     2000005        -5   # BR(~g -> ~b_2  bb)
     4.89241297E-02    2    -2000005         5   # BR(~g -> ~b_2* b )
     9.56209093E-02    2     1000006        -6   # BR(~g -> ~t_1  tb)
     9.56209093E-02    2    -1000006         6   # BR(~g -> ~t_1* t )
#
#         PDG            Width
DECAY   1000006     3.88269898E+00   # stop1 decays
#          BR         NDA      ID1       ID2
     2.49493504E-01    2     1000022         6   # BR(~t_1 -> ~chi_10 t )
     1.56250692E-01    2     1000023         6   # BR(~t_1 -> ~chi_20 t )
     4.37171628E-01    2     1000024         5   # BR(~t_1 -> ~chi_1+ b )
     1.57084176E-01    2     1000037         5   # BR(~t_1 -> ~chi_2+ b )
#
#         PDG            Width
DECAY   2000006     1.19278924E+01   # stop2 decays
#          BR         NDA      ID1       ID2
     2.60905590E-02    2     1000022         6   # BR(~t_2 -> ~chi_10 t )
     1.02460432E-01    2     1000023         6   # BR(~t_2 -> ~chi_20 t )
     9.86047748E-02    2     1000025         6   # BR(~t_2 -> ~chi_30 t )
     2.37737888E-01    2     1000035         6   # BR(~t_2 -> ~chi_40 t )
     2.26919500E-01    2     1000024         5   # BR(~t_2 -> ~chi_1+ b )
     1.40975820E-01    2     1000037         5   # BR(~t_2 -> ~chi_2+ b )
     4.93636969E-02    2     1000006        25   # BR(~t_2 -> ~t_1    h )
     1.17847330E-01    2     1000006        23   # BR(~t_2 -> ~t_1    Z )
#
#         PDG            Width
DECAY   1000005     9.34244479E+00   # sbottom1 decays
#          BR         NDA      ID1       ID2
     2.08447399E-02    2     1000022         5   # BR(~b_1 -> ~chi_10 b )
     2.13884123E-01    2     1000023         5   # BR(~b_1 -> ~chi_20 b )
     4.23498870E-03    2     1000025         5   # BR(~b_1 -> ~chi_30 b )
     7.89333744E-03    2     1000035         5   # BR(~b_1 -> ~chi_40 b )
     3.63053388E-01    2    -1000024         6   # BR(~b_1 -> ~chi_1- t )
     2.75893318E-01    2    -1000037         6   # BR(~b_1 -> ~chi_2- t )
     1.14196105E-01    2     1000006       -24   # BR(~b_1 -> ~t_1    W-)
#
#         PDG            Width
DECAY   2000005     1.80848160E+00   # sbottom2 decays
#          BR         NDA      ID1       ID2
     2.02423266E-01    2     1000022         5   # BR(~b_2 -> ~chi_10 b )
     7.98772677E-02    2     1000023         5   # BR(~b_2 -> ~chi_20 b )
     3.66442454E-02    2     1000025         5   # BR(~b_2 -> ~chi_30 b )
     5.46214007E-02    2     1000035         5   # BR(~b_2 -> ~chi_40 b )
     1.37813456E-01    2    -1000024         6   # BR(~b_2 -> ~chi_1- t )
     3.53661249E-01    2    -1000037         6   # BR(~b_2 -> ~chi_2- t )
     1.34959115E-01    2     1000006       -24   # BR(~b_2 -> ~t_1    W-)
#
#         PDG            Width
DECAY   1000002     7.78720298E+00   # sup_L decays
#          BR         NDA      ID1       ID2
     1.05114441E-02    2     1000022         2   # BR(~u_L -> ~chi_10 u)
     3.18167172E-01    2     1000023         2   # BR(~u_L -> ~chi_20 u)
     4.80487352E-04    2     1000025         2   # BR(~u_L -> ~chi_30 u)
     1.07812761E-02    2     1000035         2   # BR(~u_L -> ~chi_40 u)
     6.44586014E-01    2     1000024         1   # BR(~u_L -> ~chi_1+ d)
     1.54736064E-02    2     1000037         1   # BR(~u_L -> ~chi_2+ d)
#
#         PDG            Width
DECAY   2000002     1.71915908E+00   # sup_R decays
#          BR         NDA      ID1       ID2
     9.93847271E-01    2     1000022         2   # BR(~u_R -> ~chi_10 u)
     2.47303944E-03    2     1000023         2   # BR(~u_R -> ~chi_20 u)
     6.81757417E-04    2     1000025         2   # BR(~u_R -> ~chi_30 u)
     2.99793190E-03    2     1000035         2   # BR(~u_R -> ~chi_40 u)
#
#         PDG            Width
DECAY   1000001     7.65212198E+00   # sdown_L decays
#          BR         NDA      ID1       ID2
     1.88713997E-02    2     1000022         1   # BR(~d_L -> ~chi_10 d)
     3.12066706E-01    2     1000023         1   # BR(~d_L -> ~chi_20 d)
     8.32540569E-04    2     1000025         1   # BR(~d_L -> ~chi_30 d)
     1.42549007E-02    2     1000035         1   # BR(~d_L -> ~chi_40 d)
     6.16668785E-01    2    -1000024         2   # BR(~d_L -> ~chi_1- u)
     3.73056682E-02    2    -1000037         2   # BR(~d_L -> ~chi_2- u)
#
#         PDG            Width
DECAY   2000001     4.28483303E-01   # sdown_R decays
#          BR         NDA      ID1       ID2
     9.93878210E-01    2     1000022         1   # BR(~d_R -> ~chi_10 d)
     2.46984415E-03    2     1000023         1   # BR(~d_R -> ~chi_20 d)
     6.77067926E-04    2     1000025         1   # BR(~d_R -> ~chi_30 d)
     2.97487789E-03    2     1000035         1   # BR(~d_R -> ~chi_40 d)
#
#         PDG            Width
DECAY   1000004     7.78720298E+00   # scharm_L decays
#          BR         NDA      ID1       ID2
     1.05114441E-02    2     1000022         4   # BR(~c_L -> ~chi_10 c)
     3.18167172E-01    2     1000023         4   # BR(~c_L -> ~chi_20 c)
     4.80487352E-04    2     1000025         4   # BR(~c_L -> ~chi_30 c)
     1.07812761E-02    2     1000035         4   # BR(~c_L -> ~chi_40 c)
     6.44586014E-01    2     1000024         3   # BR(~c_L -> ~chi_1+ s)
     1.54736064E-02    2     1000037         3   # BR(~c_L -> ~chi_2+ s)
#
#         PDG            Width
DECAY   2000004     1.71915908E+00   # scharm_R decays
#          BR         NDA      ID1       ID2
     9.93847271E-01    2     1000022         4   # BR(~c_R -> ~chi_10 c)
     2.47303944E-03    2     1000023         4   # BR(~c_R -> ~chi_20 c)
     6.81757417E-04    2     1000025         4   # BR(~c_R -> ~chi_30 c)
     2.99793190E-03    2     1000035         4   # BR(~c_R -> ~chi_40 c)
#
#         PDG            Width
DECAY   1000003     7.65212198E+00   # sstrange_L decays
#          BR         NDA      ID1       ID2
     1.88713997E-02    2     1000022         3   # BR(~s_L -> ~chi_10 s)
     3.12066706E-01    2     1000023         3   # BR(~s_L -> ~chi_20 s)
     8.32540569E-04    2     1000025         3   # BR(~s_L -> ~chi_30 s)
     1.42549007E-02    2     1000035         3   # BR(~s_L -> ~chi_40 s)
     6.16668785E-01    2    -1000024         4   # BR(~s_L -> ~chi_1- c)
     3.73056682E-02    2    -1000037         4   # BR(~s_L -> ~chi_2- c)
#
#         PDG            Width
DECAY   2000003     4.28483303E-01   # sstrange_R decays
#          BR         NDA      ID1       ID2
     9.93878210E-01    2     1000022         3   # BR(~s_R -> ~chi_10 s)
     2.46984415E-03    2     1000023         3   # BR(~s_R -> ~chi_20 s)
     6.77067926E-04    2     1000025         3   # BR(~s_R -> ~chi_30 s)
     2.97487789E-03    2     1000035         3   # BR(~s_R -> ~chi_40 s)
#
#         PDG            Width
DECAY   1000011     1.53034563E-01   # selectron_L decays
#          BR         NDA      ID1       ID2
     1.00000000E+00    2     1000022        11   # BR(~e_L -> ~chi_10 e-)
#
#         PDG            Width
DECAY   2000011     2.77856747E-02   # selectron_R decays
#          BR         NDA      ID1       ID2
     1.00000000E+00    2     1000022        11   # BR(~e_R -> ~chi_10 e-)
#
#         PDG            Width
DECAY   1000013     1.53034563E-01   # smuon_L decays
#          BR         NDA      ID1       ID2
     1.00000000E+00    2     1000022        13   # BR(~mu_L -> ~chi_10 mu-)
#
#         PDG            Width
DECAY   2000013     2.77856747E-02   # smuon_R decays
#          BR         NDA      ID1       ID2
     1.00000000E+00    2     1000022        13   # BR(~mu_R -> ~chi_10 mu-)
#
#         PDG            Width
DECAY   1000015     8.71673113E-03   # stau_1 decays
#          BR         NDA      ID1       ID2
     1.00000000E+00    2     1000022        15   # BR(~tau_1 -> ~chi_10  tau-)
#
#         PDG            Width
DECAY   2000015     1.97801168E-01   # stau_2 decays
#          BR         NDA      ID1       ID2
     8.58757316E-01    2     1000022        15   # BR(~tau_2 -> ~chi_10  tau-)
     6.79001362E-02    2     1000015        25   # BR(~tau_2 -> ~tau_1   h)
     7.33425476E-02    2     1000015        23   # BR(~tau_2 -> ~tau_1   Z)
#
#         PDG            Width
DECAY   1000012     1.64021405E-01   # snu_eL decays
#          BR         NDA      ID1       ID2
     1.00000000E+00    2     1000022        12   # BR(~nu_eL -> ~chi_10 nu_e)
#
#         PDG            Width
DECAY   1000014     1.64021405E-01   # snu_muL decays
#          BR         NDA      ID1       ID2
     1.00000000E+00    2     1000022        14   # BR(~nu_muL -> ~chi_10 nu_mu)
#
#         PDG            Width
DECAY   1000016     1.83693424E-01   # snu_tauL decays
#          BR         NDA      ID1       ID2
     8.84550531E-01    2     1000022        16   # BR(~nu_tauL -> ~chi_10 nu_tau)
     1.15449469E-01    2    -1000015       -24   # BR(~nu_tauL -> ~tau_1+ W-)
#
#         PDG            Width
DECAY   1000024     2.02560471E-01   # chargino1+ decays
#          BR         NDA      ID1       ID2
     1.94536835E-01    2     1000012       -11   # BR(~chi_1+ -> ~nu_eL   e+  )
     1.94536835E-01    2     1000014       -13   # BR(~chi_1+ -> ~nu_muL  mu+ )
     2.06708927E-01    2     1000016       -15   # BR(~chi_1+ -> ~nu_tau1 tau+)
     7.35293177E-02    2    -1000011        12   # BR(~chi_1+ -> ~e_L+    nu_e)
     7.35293177E-02    2    -1000013        14   # BR(~chi_1+ -> ~mu_L+   nu_mu)
     1.37490714E-01    2    -1000015        16   # BR(~chi_1+ -> ~tau_1+  nu_tau)
     5.44649403E-02    2    -2000015        16   # BR(~chi_1+ -> ~tau_2+  nu_tau)
     6.52031125E-02    2     1000022        24   # BR(~chi_1+ -> ~chi_10  W+)
#
#         PDG            Width
DECAY   1000037     3.47167099E+00   # chargino2+ decays
#          BR         NDA      ID1       ID2
     1.61867705E-02    2     1000012       -11   # BR(~chi_2+ -> ~nu_eL   e+  )
     1.61867705E-02    2     1000014       -13   # BR(~chi_2+ -> ~nu_muL  mu+ )
     2.36033435E-02    2     1000016       -15   # BR(~chi_2+ -> ~nu_tau1 tau+)
     3.56577143E-02    2    -1000011        12   # BR(~chi_2+ -> ~e_L+    nu_e)
     3.56577143E-02    2    -1000013        14   # BR(~chi_2+ -> ~mu_L+   nu_mu)
     3.82369395E-03    2    -1000015        16   # BR(~chi_2+ -> ~tau_1+  nu_tau)
     3.98295192E-02    2    -2000015        16   # BR(~chi_2+ -> ~tau_2+  nu_tau)
     2.57532237E-01    2     1000024        23   # BR(~chi_2+ -> ~chi_1+  Z )
     8.23781796E-02    2     1000022        24   # BR(~chi_2+ -> ~chi_10  W+)
     2.81410234E-01    2     1000023        24   # BR(~chi_2+ -> ~chi_20  W+)
     2.07733823E-01    2     1000024        25   # BR(~chi_2+ -> ~chi_1+  h )
#
#         PDG            Width
DECAY   1000022     0.00000000E+00   # neutralino1 decays
#
#         PDG            Width
DECAY   1000023     2.06958173E-01   # neutralino2 decays
#          BR         NDA      ID1       ID2
     6.33319174E-03    2     1000022        23   # BR(~chi_20 -> ~chi_10   Z )
     6.29280790E-02    2     1000022        25   # BR(~chi_20 -> ~chi_10   h )
     4.07856324E-02    2     1000011       -11   # BR(~chi_20 -> ~e_L-     e+)
     4.07856324E-02    2    -1000011        11   # BR(~chi_20 -> ~e_L+     e-)
     4.96555640E-03    2     2000011       -11   # BR(~chi_20 -> ~e_R-     e+)
     4.96555640E-03    2    -2000011        11   # BR(~chi_20 -> ~e_R+     e-)
     4.07856324E-02    2     1000013       -13   # BR(~chi_20 -> ~mu_L-    mu+)
     4.07856324E-02    2    -1000013        13   # BR(~chi_20 -> ~mu_L+    mu-)
     4.96555640E-03    2     2000013       -13   # BR(~chi_20 -> ~mu_R-    mu+)
     4.96555640E-03    2    -2000013        13   # BR(~chi_20 -> ~mu_R+    mu-)
     7.54121952E-02    2     1000015       -15   # BR(~chi_20 -> ~tau_1-   tau+)
     7.54121952E-02    2    -1000015        15   # BR(~chi_20 -> ~tau_1+   tau-)
     3.07464792E-02    2     2000015       -15   # BR(~chi_20 -> ~tau_2-   tau+)
     3.07464792E-02    2    -2000015        15   # BR(~chi_20 -> ~tau_2+   tau-)
     8.76644078E-02    2     1000012       -12   # BR(~chi_20 -> ~nu_eL    nu_eb)
     8.76644078E-02    2    -1000012        12   # BR(~chi_20 -> ~nu_eL*   nu_e )
     8.76644078E-02    2     1000014       -14   # BR(~chi_20 -> ~nu_muL   nu_mub)
     8.76644078E-02    2    -1000014        14   # BR(~chi_20 -> ~nu_muL*  nu_mu )
     9.23794970E-02    2     1000016       -16   # BR(~chi_20 -> ~nu_tau1  nu_taub)
     9.23794970E-02    2    -1000016        16   # BR(~chi_20 -> ~nu_tau1* nu_tau )
#
#         PDG            Width
DECAY   1000025     2.85211853E+00   # neutralino3 decays
#          BR         NDA      ID1       ID2
     1.10635097E-01    2     1000022        23   # BR(~chi_30 -> ~chi_10   Z )
     2.46959969E-01    2     1000023        23   # BR(~chi_30 -> ~chi_20   Z )
     2.89574767E-01    2     1000024       -24   # BR(~chi_30 -> ~chi_1+   W-)
     2.89574767E-01    2    -1000024        24   # BR(~chi_30 -> ~chi_1-   W+)
     1.86467725E-02    2     1000022        25   # BR(~chi_30 -> ~chi_10   h )
     9.31920286E-03    2     1000023        25   # BR(~chi_30 -> ~chi_20   h )
     2.44464871E-04    2     1000011       -11   # BR(~chi_30 -> ~e_L-     e+)
     2.44464871E-04    2    -1000011        11   # BR(~chi_30 -> ~e_L+     e-)
     6.22104970E-04    2     2000011       -11   # BR(~chi_30 -> ~e_R-     e+)
     6.22104970E-04    2    -2000011        11   # BR(~chi_30 -> ~e_R+     e-)
     2.44464871E-04    2     1000013       -13   # BR(~chi_30 -> ~mu_L-    mu+)
     2.44464871E-04    2    -1000013        13   # BR(~chi_30 -> ~mu_L+    mu-)
     6.22104970E-04    2     2000013       -13   # BR(~chi_30 -> ~mu_R-    mu+)
     6.22104970E-04    2    -2000013        13   # BR(~chi_30 -> ~mu_R+    mu-)
     6.47431452E-03    2     1000015       -15   # BR(~chi_30 -> ~tau_1-   tau+)
     6.47431452E-03    2    -1000015        15   # BR(~chi_30 -> ~tau_1+   tau-)
     5.42988197E-03    2     2000015       -15   # BR(~chi_30 -> ~tau_2-   tau+)
     5.42988197E-03    2    -2000015        15   # BR(~chi_30 -> ~tau_2+   tau-)
     1.33373830E-03    2     1000012       -12   # BR(~chi_30 -> ~nu_eL    nu_eb)
     1.33373830E-03    2    -1000012        12   # BR(~chi_30 -> ~nu_eL*   nu_e )
     1.33373830E-03    2     1000014       -14   # BR(~chi_30 -> ~nu_muL   nu_mub)
     1.33373830E-03    2    -1000014        14   # BR(~chi_30 -> ~nu_muL*  nu_mu )
     1.33989964E-03    2     1000016       -16   # BR(~chi_30 -> ~nu_tau1  nu_taub)
     1.33989964E-03    2    -1000016        16   # BR(~chi_30 -> ~nu_tau1* nu_tau )
#
#         PDG            Width
DECAY   1000035     3.57066097E+00   # neutralino4 decays
#          BR         NDA      ID1       ID2
     1.74210349E-02    2     1000022        23   # BR(~chi_40 -> ~chi_10   Z )
     1.29383388E-02    2     1000023        23   # BR(~chi_40 -> ~chi_20   Z )
     2.63200327E-01    2     1000024       -24   # BR(~chi_40 -> ~chi_1+   W-)
     2.63200327E-01    2    -1000024        24   # BR(~chi_40 -> ~chi_1-   W+)
     7.88487036E-02    2     1000022        25   # BR(~chi_40 -> ~chi_10   h )
     1.82752877E-01    2     1000023        25   # BR(~chi_40 -> ~chi_20   h )
     7.81519752E-03    2     1000011       -11   # BR(~chi_40 -> ~e_L-     e+)
     7.81519752E-03    2    -1000011        11   # BR(~chi_40 -> ~e_L+     e-)
     2.49342685E-03    2     2000011       -11   # BR(~chi_40 -> ~e_R-     e+)
     2.49342685E-03    2    -2000011        11   # BR(~chi_40 -> ~e_R+     e-)
     7.81519752E-03    2     1000013       -13   # BR(~chi_40 -> ~mu_L-    mu+)
     7.81519752E-03    2    -1000013        13   # BR(~chi_40 -> ~mu_L+    mu-)
     2.49342685E-03    2     2000013       -13   # BR(~chi_40 -> ~mu_R-    mu+)
     2.49342685E-03    2    -2000013        13   # BR(~chi_40 -> ~mu_R+    mu-)
     4.08526097E-03    2     1000015       -15   # BR(~chi_40 -> ~tau_1-   tau+)
     4.08526097E-03    2    -1000015        15   # BR(~chi_40 -> ~tau_1+   tau-)
     1.34182518E-02    2     2000015       -15   # BR(~chi_40 -> ~tau_2-   tau+)
     1.34182518E-02    2    -2000015        15   # BR(~chi_40 -> ~tau_2+   tau-)
     1.75413567E-02    2     1000012       -12   # BR(~chi_40 -> ~nu_eL    nu_eb)
     1.75413567E-02    2    -1000012        12   # BR(~chi_40 -> ~nu_eL*   nu_e )
     1.75413567E-02    2     1000014       -14   # BR(~chi_40 -> ~nu_muL   nu_mub)
     1.75413567E-02    2    -1000014        14   # BR(~chi_40 -> ~nu_muL*  nu_mu )
     1.76157209E-02    2     1000016       -16   # BR(~chi_40 -> ~nu_tau1  nu_taub)
     1.76157209E-02    2    -1000016        16   # BR(~chi_40 -> ~nu_tau1* nu_tau )
#
#         PDG            Width
DECAY        25     3.51047078E-03   # h decays
#          BR         NDA      ID1       ID2
     7.80091778E-01    2           5        -5   # BR(h -> b       bb     )
     7.42116398E-02    2         -15        15   # BR(h -> tau+    tau-   )
     2.62723599E-04    2         -13        13   # BR(h -> mu+     mu-    )
     5.67199806E-04    2           3        -3   # BR(h -> s       sb     )
     2.21745763E-02    2           4        -4   # BR(h -> c       cb     )
     5.94775471E-02    2          21        21   # BR(h -> g       g      )
     1.74964108E-03    2          22        22   # BR(h -> gam     gam    )
     4.86107980E-04    2          22        23   # BR(h -> Z       gam    )
     5.54870383E-02    2          24       -24   # BR(h -> W+      W-     )
     5.49174837E-03    2          23        23   # BR(h -> Z       Z      )
#
#         PDG            Width
DECAY        35     1.18982309E+00   # H decays
#          BR         NDA      ID1       ID2
     6.74145328E-01    2           5        -5   # BR(H -> b       bb     )
     9.48482408E-02    2         -15        15   # BR(H -> tau+    tau-   )
     3.35303352E-04    2         -13        13   # BR(H -> mu+     mu-    )
     5.23421061E-04    2           3        -3   # BR(H -> s       sb     )
     2.95527482E-06    2           4        -4   # BR(H -> c       cb     )
     1.86219504E-01    2           6        -6   # BR(H -> t       tb     )
     6.64000808E-04    2          21        21   # BR(H -> g       g      )
     3.37807319E-06    2          22        22   # BR(H -> gam     gam    )
     4.09397400E-07    2          23        22   # BR(H -> Z       gam    )
     1.57534596E-03    2          24       -24   # BR(H -> W+      W-     )
     7.62364589E-04    2          23        23   # BR(H -> Z       Z      )
     6.88406976E-03    2          25        25   # BR(H -> h       h      )
    -1.47261882E-21    2          36        36   # BR(H -> A       A      )
     5.05107436E-15    2          23        36   # BR(H -> Z       A      )
     6.87426777E-03    2     1000022   1000022   # BR(H -> ~chi_10 ~chi_10)
     1.86489868E-02    2     1000022   1000023   # BR(H -> ~chi_10 ~chi_20)
     8.50436798E-05    2     1000011  -1000011   # BR(H -> ~e_L-   ~e_L+  )
     2.23306118E-04    2     2000011  -2000011   # BR(H -> ~e_R-   ~e_R+  )
     8.50436798E-05    2     1000013  -1000013   # BR(H -> ~mu_L-  ~mu_L+ )
     2.23306118E-04    2     2000013  -2000013   # BR(H -> ~mu_R-  ~mu_R+ )
     1.28273465E-03    2     1000015  -1000015   # BR(H -> ~tau_1- ~tau_1+)
     2.87736175E-06    2     2000015  -2000015   # BR(H -> ~tau_2- ~tau_2+)
     2.59243368E-03    2     1000015  -2000015   # BR(H -> ~tau_1- ~tau_2+)
     2.59243368E-03    2     2000015  -1000015   # BR(H -> ~tau_2- ~tau_1+)
     4.75081923E-04    2     1000012  -1000012   # BR(H -> ~nu_eL  ~nu_eL*   )
     4.75081923E-04    2     1000014  -1000014   # BR(H -> ~nu_muL ~nu_muL*  )
     4.75081923E-04    2     1000016  -1000016   # BR(H -> ~nu_tauL ~nu_tauL*)
#
#         PDG            Width
DECAY        36     1.29982154E+00   # A decays
#          BR         NDA      ID1       ID2
     6.17784579E-01    2           5        -5   # BR(A -> b       bb     )
     8.68774277E-02    2         -15        15   # BR(A -> tau+    tau-   )
     3.07113796E-04    2         -13        13   # BR(A -> mu+     mu-    )
     4.79807905E-04    2           3        -3   # BR(A -> s       sb     )
     2.44853017E-06    2           4        -4   # BR(A -> c       cb     )
     2.19460864E-01    2           6        -6   # BR(A -> t       tb     )
     9.04556156E-04    2          21        21   # BR(A -> g       g      )
     3.93704424E-06    2          22        22   # BR(A -> gam     gam    )
     6.46064372E-07    2          23        22   # BR(A -> Z       gam    )
     1.32156127E-03    2          23        25   # BR(A -> Z       h      )
     1.08421906E-02    2     1000022   1000022   # BR(A -> ~chi_10 ~chi_10)
     5.65569300E-02    2     1000022   1000023   # BR(A -> ~chi_10 ~chi_20)
     2.72896886E-03    2     1000015  -2000015   # BR(A -> ~tau_1- ~tau_2+)
     2.72896886E-03    2    -1000015   2000015   # BR(A -> ~tau_1+ ~tau_2-)
#
#         PDG            Width
DECAY        37     1.17844340E+00   # H+ decays
#          BR         NDA      ID1       ID2
     1.00016740E-03    2           4        -5   # BR(H+ -> c       bb     )
     9.67931578E-02    2         -15        16   # BR(H+ -> tau+    nu_tau )
     3.42166013E-04    2         -13        14   # BR(H+ -> mu+     nu_mu  )
     6.40087944E-06    2           2        -5   # BR(H+ -> u       bb     )
     2.53730059E-05    2           2        -3   # BR(H+ -> u       sb     )
     5.24458314E-04    2           4        -3   # BR(H+ -> c       sb     )
     8.13505717E-01    2           6        -5   # BR(H+ -> t       bb     )
     1.53688498E-03    2          24        25   # BR(H+ -> W+      h      )
     7.57214362E-09    2          24        36   # BR(H+ -> W+      A      )
     7.80702073E-02    2     1000024   1000022   # BR(H+ -> ~chi_1+ ~chi_10)
     4.97315203E-04    2    -1000011   1000012   # BR(H+ -> ~e_L+   ~nu_eL )
     4.97315203E-04    2    -1000013   1000014   # BR(H+ -> ~mu_L+  ~nu_muL)
     7.06795151E-03    2    -1000015   1000016   # BR(H+ -> ~tau_1+ ~nu_tauL)
     1.32877746E-04    2    -2000015   1000016   # BR(H+ -> ~tau_2+ ~nu_tauL)
