#
#                              ======================
#                              | THE SUSYHIT OUTPUT |
#                              ======================
#
#
#              ------------------------------------------------------
#              |     This is the output of the SUSY-HIT package     |
#              |  created by A.Djouadi, M.Muehlleitner and M.Spira. |
#              |  In case of problems with SUSY-HIT email to        |
#              |           margarete.muehlleitner@cern.ch           |
#              |           michael.spira@psi.ch                     |
#              |           abdelhak.djouadi@cern.ch                 |
#              ------------------------------------------------------
#
#              ------------------------------------------------------
#              |  SUSY Les Houches Accord - MSSM Spectrum + Decays  |
#              |              based on the decay programs           |
#              |                                                    |
#              |                     SDECAY 1.3b                    |
#              |                                                    |
#              |  Authors: M.Muhlleitner, A.Djouadi and Y.Mambrini  |
#              |  Ref.:    Comput.Phys.Commun.168(2005)46           |
#              |           [hep-ph/0311167]                         |
#              |                                                    |
#              |                     HDECAY 3.4                     |
#              |                                                    |
#              |  By: A.Djouadi,J.Kalinowski,M.Muhlleitner,M.Spira  |
#              |  Ref.:    Comput.Phys.Commun.108(1998)56           |
#              |           [hep-ph/9704448]                         |
#              |                                                    |
#              |                                                    |
#              |  If not stated otherwise all DRbar couplings and   |
#              |  soft SUSY breaking masses are given at the scale  |
#              |  Q=  0.59663304E+03
#              |                                                    |
#              ------------------------------------------------------
#
#
BLOCK DCINFO  # Decay Program information
     1   SDECAY/HDECAY # decay calculator
     2   1.3b  /3.4    # version number
#
BLOCK SPINFO  # Spectrum calculator information
     1   SuSpect     # RGE +Spectrum calculator            
     2   2.41        # version number                      
#
BLOCK MODSEL  # Model selection
     1     1   # #SUGRA                                            
#
BLOCK SMINPUTS  # Standard Model inputs
         1     1.27934000E+02   # alpha_em^-1(M_Z)^MSbar
         2     1.16639000E-05   # G_F [GeV^-2]
         3     1.17200000E-01   # alpha_S(M_Z)^MSbar
         4     9.11870000E+01   # M_Z pole mass
         5     4.25000000E+00   # mb(mb)^MSbar
         6     1.72500000E+02   # mt pole mass
         7     1.77710000E+00   # mtau pole mass
#
BLOCK MINPAR  # Input parameters - minimal models
         1     4.00000000E+02   # m0                  
         2     3.00000000E+02   # m_1                 
         3     5.00000000E+01   # tanbeta(mZ)         
         4     1.00000000E+00   # sign(mu)            
         5     0.00000000E+00   # A0                  
#
BLOCK EXTPAR  # Input parameters - non-minimal models
         0     5.96633038E+02   # EWSB                
#
BLOCK MASS  # Mass Spectrum
# PDG code           mass       particle
        24     8.04752320E+01   # W+
        25     1.11861033E+02   # h
        35     3.14155313E+02   # H
        36     3.14127213E+02   # A
        37     3.25658918E+02   # H+
         5     4.87877839E+00   # b-quark pole mass calculated from mb(mb)_Msbar
   1000001     7.64897891E+02   # ~d_L
   2000001     7.43665486E+02   # ~d_R
   1000002     7.60864168E+02   # ~u_L
   2000002     7.44382150E+02   # ~u_R
   1000003     7.64897891E+02   # ~s_L
   2000003     7.43665486E+02   # ~s_R
   1000004     7.60864168E+02   # ~c_L
   2000004     7.44382150E+02   # ~c_R
   1000005     6.17798688E+02   # ~b_1
   2000005     6.85282470E+02   # ~b_2
   1000006     5.46514790E+02   # ~t_1
   2000006     6.96182608E+02   # ~t_2
   1000011     4.48127208E+02   # ~e_L
   2000011     4.16565988E+02   # ~e_R
   1000012     4.41141130E+02   # ~nu_eL
   1000013     4.48127208E+02   # ~mu_L
   2000013     4.16565988E+02   # ~mu_R
   1000014     4.41141130E+02   # ~nu_muL
   1000015     2.67035784E+02   # ~tau_1
   2000015     4.14767177E+02   # ~tau_2
   1000016     3.88966692E+02   # ~nu_tauL
   1000021     7.34091749E+02   # ~g
   1000022     1.20760625E+02   # ~chi_10
   1000023     2.25329934E+02   # ~chi_20
   1000025    -3.88160257E+02   # ~chi_30
   1000035     4.05369418E+02   # ~chi_40
   1000024     2.25087633E+02   # ~chi_1+
   1000037     4.06344859E+02   # ~chi_2+
#
BLOCK NMIX  # Neutralino Mixing Matrix
  1  1     9.89240053E-01   # N_11
  1  2    -3.16696368E-02   # N_12
  1  3     1.35451614E-01   # N_13
  1  4    -4.53211966E-02   # N_14
  2  1     7.73721230E-02   # N_21
  2  2     9.38737436E-01   # N_22
  2  3    -2.87517003E-01   # N_23
  2  4     1.73549860E-01   # N_24
  3  1     6.01136709E-02   # N_31
  3  2    -8.72117760E-02   # N_32
  3  3    -6.96783595E-01   # N_33
  3  4    -7.09417419E-01   # N_34
  4  1     1.08646296E-01   # N_41
  4  2    -3.31908370E-01   # N_42
  4  3    -6.43023682E-01   # N_43
  4  4     6.81581514E-01   # N_44
#
BLOCK UMIX  # Chargino Mixing Matrix U
  1  1    -9.10575972E-01   # U_11
  1  2     4.13341745E-01   # U_12
  2  1     4.13341745E-01   # U_21
  2  2     9.10575972E-01   # U_22
#
BLOCK VMIX  # Chargino Mixing Matrix V
  1  1    -9.68354027E-01   # V_11
  1  2     2.49580605E-01   # V_12
  2  1     2.49580605E-01   # V_21
  2  2     9.68354027E-01   # V_22
#
BLOCK STOPMIX  # Stop Mixing Matrix
  1  1     5.35032132E-01   # cos(theta_t)
  1  2     8.44831710E-01   # sin(theta_t)
  2  1    -8.44831710E-01   # -sin(theta_t)
  2  2     5.35032132E-01   # cos(theta_t)
#
BLOCK SBOTMIX  # Sbottom Mixing Matrix
  1  1     7.58172753E-01   # cos(theta_b)
  1  2     6.52053738E-01   # sin(theta_b)
  2  1    -6.52053738E-01   # -sin(theta_b)
  2  2     7.58172753E-01   # cos(theta_b)
#
BLOCK STAUMIX  # Stau Mixing Matrix
  1  1     3.79689484E-01   # cos(theta_tau)
  1  2     9.25113991E-01   # sin(theta_tau)
  2  1    -9.25113991E-01   # -sin(theta_tau)
  2  2     3.79689484E-01   # cos(theta_tau)
#
BLOCK ALPHA  # Higgs mixing
          -2.23906277E-02   # Mixing angle in the neutral Higgs boson sector
#
BLOCK HMIX Q=  5.96633038E+02  # DRbar Higgs Parameters
         1     3.81725046E+02   # mu(Q)               
         2     4.94862265E+01   # tanbeta(Q)          
         3     2.44677147E+02   # vev(Q)              
         4     1.63829826E+05   # MA^2(Q)             
#
BLOCK GAUGE Q=  5.96633038E+02  # The gauge couplings
     1     3.61227863E-01   # gprime(Q) DRbar
     2     6.44535465E-01   # g(Q) DRbar
     3     1.08302535E+00   # g3(Q) DRbar
#
BLOCK AU Q=  5.96633038E+02  # The trilinear couplings
  1  1    -7.21786047E+02   # A_u(Q) DRbar
  2  2    -7.21786047E+02   # A_c(Q) DRbar
  3  3    -5.29816944E+02   # A_t(Q) DRbar
#
BLOCK AD Q=  5.96633038E+02  # The trilinear couplings
  1  1    -7.88599284E+02   # A_d(Q) DRbar
  2  2    -7.88599284E+02   # A_s(Q) DRbar
  3  3    -6.47675771E+02   # A_b(Q) DRbar
#
BLOCK AE Q=  5.96633038E+02  # The trilinear couplings
  1  1    -8.71993938E+01   # A_e(Q) DRbar
  2  2    -8.71993938E+01   # A_mu(Q) DRbar
  3  3    -6.31107635E+01   # A_tau(Q) DRbar
#
BLOCK Yu Q=  5.96633038E+02  # The Yukawa couplings
  1  1     0.00000000E+00   # y_u(Q) DRbar
  2  2     0.00000000E+00   # y_c(Q) DRbar
  3  3     8.67758420E-01   # y_t(Q) DRbar
#
BLOCK Yd Q=  5.96633038E+02  # The Yukawa couplings
  1  1     0.00000000E+00   # y_d(Q) DRbar
  2  2     0.00000000E+00   # y_s(Q) DRbar
  3  3     6.26689795E-01   # y_b(Q) DRbar
#
BLOCK Ye Q=  5.96633038E+02  # The Yukawa couplings
  1  1     0.00000000E+00   # y_e(Q) DRbar
  2  2     0.00000000E+00   # y_mu(Q) DRbar
  3  3     5.34030890E-01   # y_tau(Q) DRbar
#
BLOCK MSOFT Q=  5.96633038E+02  # The soft SUSY breaking masses at the scale Q
         1     1.23636873E+02   # M_1                 
         2     2.32091021E+02   # M_2                 
         3     6.91817070E+02   # M_3                 
        21    -3.65368063E+04   # M^2_Hd              
        22    -1.45074432E+05   # M^2_Hu              
        31     4.45743671E+02   # M_eL                
        32     4.45743671E+02   # M_muL               
        33     3.94178907E+02   # M_tauL              
        34     4.14217181E+02   # M_eR                
        35     4.14217181E+02   # M_muR               
        36     2.89610114E+02   # M_tauR              
        41     7.41492040E+02   # M_q1L               
        42     7.41492040E+02   # M_q2L               
        43     6.19941783E+02   # M_q3L               
        44     7.23400260E+02   # M_uR                
        45     7.23400260E+02   # M_cR                
        46     5.55403003E+02   # M_tR                
        47     7.21305750E+02   # M_dR                
        48     7.21305750E+02   # M_sR                
        49     6.32506638E+02   # M_bR                
#
#
#
#                             =================
#                             |The decay table|
#                             =================
#
# - The QCD corrections to the decays gluino -> squark  + quark
#                                     squark -> gaugino + quark_prime
#                                     squark -> squark_prime + Higgs
#                                     squark -> gluino  + quark
#   are included.
#
# - The multi-body decays for the inos, stops and sbottoms are included.
#
# - The loop induced decays for the gluino, neutralinos and stops
#   are included.
#
# - The SUSY decays of the top quark are included.
#
#
#         PDG            Width
DECAY         6     1.43864821E+00   # top decays
#          BR         NDA      ID1       ID2
     1.00000000E+00    2           5        24   # BR(t ->  b    W+)
#
#         PDG            Width
DECAY   1000021     1.73353937E+00   # gluino decays
#          BR         NDA      ID1       ID2
     3.64125761E-01    2     1000005        -5   # BR(~g -> ~b_1  bb)
     3.64125761E-01    2    -1000005         5   # BR(~g -> ~b_1* b )
     8.18159478E-02    2     2000005        -5   # BR(~g -> ~b_2  bb)
     8.18159478E-02    2    -2000005         5   # BR(~g -> ~b_2* b )
     5.40582914E-02    2     1000006        -6   # BR(~g -> ~t_1  tb)
     5.40582914E-02    2    -1000006         6   # BR(~g -> ~t_1* t )
#
#         PDG            Width
DECAY   1000006     4.55648787E+00   # stop1 decays
#          BR         NDA      ID1       ID2
     1.60998017E-01    2     1000022         6   # BR(~t_1 -> ~chi_10 t )
     1.44248683E-01    2     1000023         6   # BR(~t_1 -> ~chi_20 t )
     4.71946656E-01    2     1000024         5   # BR(~t_1 -> ~chi_1+ b )
     2.22806644E-01    2     1000037         5   # BR(~t_1 -> ~chi_2+ b )
#
#         PDG            Width
DECAY   2000006     1.15531238E+01   # stop2 decays
#          BR         NDA      ID1       ID2
     2.62536879E-02    2     1000022         6   # BR(~t_2 -> ~chi_10 t )
     6.99190909E-02    2     1000023         6   # BR(~t_2 -> ~chi_20 t )
     9.11820529E-02    2     1000025         6   # BR(~t_2 -> ~chi_30 t )
     2.53202311E-01    2     1000035         6   # BR(~t_2 -> ~chi_40 t )
     2.00334208E-01    2     1000024         5   # BR(~t_2 -> ~chi_1+ b )
     2.94482775E-01    2     1000037         5   # BR(~t_2 -> ~chi_2+ b )
     1.40544564E-02    2     1000006        25   # BR(~t_2 -> ~t_1    h )
     5.05714178E-02    2     1000006        23   # BR(~t_2 -> ~t_1    Z )
#
#         PDG            Width
DECAY   1000005     6.72182516E+00   # sbottom1 decays
#          BR         NDA      ID1       ID2
     7.82470797E-02    2     1000022         5   # BR(~b_1 -> ~chi_10 b )
     2.78804917E-01    2     1000023         5   # BR(~b_1 -> ~chi_20 b )
     1.11511539E-01    2     1000025         5   # BR(~b_1 -> ~chi_30 b )
     6.07318588E-02    2     1000035         5   # BR(~b_1 -> ~chi_40 b )
     3.89767545E-01    2    -1000024         6   # BR(~b_1 -> ~chi_1- t )
     8.09370604E-02    2    -1000037         6   # BR(~b_1 -> ~chi_2- t )
#
#         PDG            Width
DECAY   2000005     8.05372278E+00   # sbottom2 decays
#          BR         NDA      ID1       ID2
     8.08812412E-03    2     1000022         5   # BR(~b_2 -> ~chi_10 b )
     4.62267884E-02    2     1000023         5   # BR(~b_2 -> ~chi_20 b )
     1.61346455E-01    2     1000025         5   # BR(~b_2 -> ~chi_30 b )
     1.71537529E-01    2     1000035         5   # BR(~b_2 -> ~chi_40 b )
     5.05807788E-02    2    -1000024         6   # BR(~b_2 -> ~chi_1- t )
     4.96579346E-01    2    -1000037         6   # BR(~b_2 -> ~chi_2- t )
     6.56409792E-02    2     1000006       -24   # BR(~b_2 -> ~t_1    W-)
#
#         PDG            Width
DECAY   1000002     7.68581221E+00   # sup_L decays
#          BR         NDA      ID1       ID2
     8.66263767E-03    2     1000022         2   # BR(~u_L -> ~chi_10 u)
     2.94737995E-01    2     1000023         2   # BR(~u_L -> ~chi_20 u)
     1.23790136E-03    2     1000025         2   # BR(~u_L -> ~chi_30 u)
     1.95302504E-02    2     1000035         2   # BR(~u_L -> ~chi_40 u)
     6.08626273E-01    2     1000024         1   # BR(~u_L -> ~chi_1+ d)
     2.49628126E-02    2     1000037         1   # BR(~u_L -> ~chi_2+ d)
     4.22421302E-02    2     1000021         2   # BR(~u_L -> ~g      u)
#
#         PDG            Width
DECAY   2000002     1.59043323E+00   # sup_R decays
#          BR         NDA      ID1       ID2
     9.55344033E-01    2     1000022         2   # BR(~u_R -> ~chi_10 u)
     5.09961496E-03    2     1000023         2   # BR(~u_R -> ~chi_20 u)
     1.98831318E-03    2     1000025         2   # BR(~u_R -> ~chi_30 u)
     6.06781714E-03    2     1000035         2   # BR(~u_R -> ~chi_40 u)
     3.15002213E-02    2     1000021         2   # BR(~u_R -> ~g      u)
#
#         PDG            Width
DECAY   1000001     7.61135863E+00   # sdown_L decays
#          BR         NDA      ID1       ID2
     1.75720842E-02    2     1000022         1   # BR(~d_L -> ~chi_10 d)
     2.81736993E-01    2     1000023         1   # BR(~d_L -> ~chi_20 d)
     2.12379476E-03    2     1000025         1   # BR(~d_L -> ~chi_30 d)
     2.55244936E-02    2     1000035         1   # BR(~d_L -> ~chi_40 d)
     5.47105313E-01    2    -1000024         2   # BR(~d_L -> ~chi_1- u)
     7.00485855E-02    2    -1000037         2   # BR(~d_L -> ~chi_2- u)
     5.58887362E-02    2     1000021         1   # BR(~d_L -> ~g      d)
#
#         PDG            Width
DECAY   2000001     4.28191531E-01   # sdown_R decays
#          BR         NDA      ID1       ID2
     8.86340249E-01    2     1000022         1   # BR(~d_R -> ~chi_10 d)
     4.72991291E-03    2     1000023         1   # BR(~d_R -> ~chi_20 d)
     1.84223338E-03    2     1000025         1   # BR(~d_R -> ~chi_30 d)
     5.62098337E-03    2     1000035         1   # BR(~d_R -> ~chi_40 d)
     1.01466621E-01    2     1000021         1   # BR(~d_R -> ~g      d)
#
#         PDG            Width
DECAY   1000004     7.68581221E+00   # scharm_L decays
#          BR         NDA      ID1       ID2
     8.66263767E-03    2     1000022         4   # BR(~c_L -> ~chi_10 c)
     2.94737995E-01    2     1000023         4   # BR(~c_L -> ~chi_20 c)
     1.23790136E-03    2     1000025         4   # BR(~c_L -> ~chi_30 c)
     1.95302504E-02    2     1000035         4   # BR(~c_L -> ~chi_40 c)
     6.08626273E-01    2     1000024         3   # BR(~c_L -> ~chi_1+ s)
     2.49628126E-02    2     1000037         3   # BR(~c_L -> ~chi_2+ s)
     4.22421302E-02    2     1000021         4   # BR(~c_L -> ~g      c)
#
#         PDG            Width
DECAY   2000004     1.59043323E+00   # scharm_R decays
#          BR         NDA      ID1       ID2
     9.55344033E-01    2     1000022         4   # BR(~c_R -> ~chi_10 c)
     5.09961496E-03    2     1000023         4   # BR(~c_R -> ~chi_20 c)
     1.98831318E-03    2     1000025         4   # BR(~c_R -> ~chi_30 c)
     6.06781714E-03    2     1000035         4   # BR(~c_R -> ~chi_40 c)
     3.15002213E-02    2     1000021         4   # BR(~c_R -> ~g      c)
#
#         PDG            Width
DECAY   1000003     7.61135863E+00   # sstrange_L decays
#          BR         NDA      ID1       ID2
     1.75720842E-02    2     1000022         3   # BR(~s_L -> ~chi_10 s)
     2.81736993E-01    2     1000023         3   # BR(~s_L -> ~chi_20 s)
     2.12379476E-03    2     1000025         3   # BR(~s_L -> ~chi_30 s)
     2.55244936E-02    2     1000035         3   # BR(~s_L -> ~chi_40 s)
     5.47105313E-01    2    -1000024         4   # BR(~s_L -> ~chi_1- c)
     7.00485855E-02    2    -1000037         4   # BR(~s_L -> ~chi_2- c)
     5.58887362E-02    2     1000021         3   # BR(~s_L -> ~g      s)
#
#         PDG            Width
DECAY   2000003     4.28191531E-01   # sstrange_R decays
#          BR         NDA      ID1       ID2
     8.86340249E-01    2     1000022         3   # BR(~s_R -> ~chi_10 s)
     4.72991291E-03    2     1000023         3   # BR(~s_R -> ~chi_20 s)
     1.84223338E-03    2     1000025         3   # BR(~s_R -> ~chi_30 s)
     5.62098337E-03    2     1000035         3   # BR(~s_R -> ~chi_40 s)
     1.01466621E-01    2     1000021         3   # BR(~s_R -> ~g      s)
#
#         PDG            Width
DECAY   1000011     3.17394857E+00   # selectron_L decays
#          BR         NDA      ID1       ID2
     1.37118088E-01    2     1000022        11   # BR(~e_L -> ~chi_10 e-)
     3.14153143E-01    2     1000023        11   # BR(~e_L -> ~chi_20 e-)
     1.04226396E-04    2     1000025        11   # BR(~e_L -> ~chi_30 e-)
     1.41520718E-03    2     1000035        11   # BR(~e_L -> ~chi_40 e-)
     5.40908184E-01    2    -1000024        12   # BR(~e_L -> ~chi_1- nu_e)
     6.30115179E-03    2    -1000037        12   # BR(~e_L -> ~chi_2- nu_e)
#
#         PDG            Width
DECAY   2000011     1.78236101E+00   # selectron_R decays
#          BR         NDA      ID1       ID2
     9.96248549E-01    2     1000022        11   # BR(~e_R -> ~chi_10 e-)
     3.63507467E-03    2     1000023        11   # BR(~e_R -> ~chi_20 e-)
     7.60904755E-05    2     1000025        11   # BR(~e_R -> ~chi_30 e-)
     4.02856852E-05    2     1000035        11   # BR(~e_R -> ~chi_40 e-)
#
#         PDG            Width
DECAY   1000013     3.17394857E+00   # smuon_L decays
#          BR         NDA      ID1       ID2
     1.37118088E-01    2     1000022        13   # BR(~mu_L -> ~chi_10 mu-)
     3.14153143E-01    2     1000023        13   # BR(~mu_L -> ~chi_20 mu-)
     1.04226396E-04    2     1000025        13   # BR(~mu_L -> ~chi_30 mu-)
     1.41520718E-03    2     1000035        13   # BR(~mu_L -> ~chi_40 mu-)
     5.40908184E-01    2    -1000024        14   # BR(~mu_L -> ~chi_1- nu_mu)
     6.30115179E-03    2    -1000037        14   # BR(~mu_L -> ~chi_2- nu_mu)
#
#         PDG            Width
DECAY   2000013     1.78236101E+00   # smuon_R decays
#          BR         NDA      ID1       ID2
     9.96248549E-01    2     1000022        13   # BR(~mu_R -> ~chi_10 mu-)
     3.63507467E-03    2     1000023        13   # BR(~mu_R -> ~chi_20 mu-)
     7.60904755E-05    2     1000025        13   # BR(~mu_R -> ~chi_30 mu-)
     4.02856852E-05    2     1000035        13   # BR(~mu_R -> ~chi_40 mu-)
#
#         PDG            Width
DECAY   1000015     9.49997218E-01   # stau_1 decays
#          BR         NDA      ID1       ID2
     8.69462973E-01    2     1000022        15   # BR(~tau_1 -> ~chi_10  tau-)
     4.50651790E-02    2     1000023        15   # BR(~tau_1 -> ~chi_20  tau-)
     8.54718483E-02    2    -1000024        16   # BR(~tau_1 -> ~chi_1-  nu_tau)
#
#         PDG            Width
DECAY   2000015     2.50180920E+00   # stau_2 decays
#          BR         NDA      ID1       ID2
     2.12404209E-01    2     1000022        15   # BR(~tau_2 -> ~chi_10  tau-)
     2.46609227E-01    2     1000023        15   # BR(~tau_2 -> ~chi_20  tau-)
     7.40722684E-03    2     1000025        15   # BR(~tau_2 -> ~chi_30  tau-)
     1.33607553E-03    2     1000035        15   # BR(~tau_2 -> ~chi_40  tau-)
     3.46058999E-01    2    -1000024        16   # BR(~tau_2 -> ~chi_1-  nu_tau)
     9.90558224E-04    2    -1000037        16   # BR(~tau_2 -> ~chi_2-  nu_tau)
     7.58776066E-02    2     1000015        25   # BR(~tau_2 -> ~tau_1   h)
     1.09316099E-01    2     1000015        23   # BR(~tau_2 -> ~tau_1   Z)
#
#         PDG            Width
DECAY   1000012     3.21792837E+00   # snu_eL decays
#          BR         NDA      ID1       ID2
     1.66517752E-01    2     1000022        12   # BR(~nu_eL -> ~chi_10 nu_e)
     2.48087407E-01    2     1000023        12   # BR(~nu_eL -> ~chi_20 nu_e)
     4.22101444E-04    2     1000025        12   # BR(~nu_eL -> ~chi_30 nu_e)
     2.11626164E-03    2     1000035        12   # BR(~nu_eL -> ~chi_40 nu_e)
     5.81235912E-01    2     1000024        11   # BR(~nu_eL -> ~chi_1+ e-)
     1.62056661E-03    2     1000037        11   # BR(~nu_eL -> ~chi_2+ e-)
#
#         PDG            Width
DECAY   1000014     3.21792837E+00   # snu_muL decays
#          BR         NDA      ID1       ID2
     1.66517752E-01    2     1000022        14   # BR(~nu_muL -> ~chi_10 nu_mu)
     2.48087407E-01    2     1000023        14   # BR(~nu_muL -> ~chi_20 nu_mu)
     4.22101444E-04    2     1000025        14   # BR(~nu_muL -> ~chi_30 nu_mu)
     2.11626164E-03    2     1000035        14   # BR(~nu_muL -> ~chi_40 nu_mu)
     5.81235912E-01    2     1000024        13   # BR(~nu_muL -> ~chi_1+ mu-)
     1.62056661E-03    2     1000037        13   # BR(~nu_muL -> ~chi_2+ mu-)
#
#         PDG            Width
DECAY   1000016     2.84391533E+00   # snu_tauL decays
#          BR         NDA      ID1       ID2
     1.58516959E-01    2     1000022        16   # BR(~nu_tauL -> ~chi_10 nu_tau)
     2.00017178E-01    2     1000023        16   # BR(~nu_tauL -> ~chi_20 nu_tau)
     1.41752796E-07    2     1000025        16   # BR(~nu_tauL -> ~chi_30 nu_tau)
     5.24886188E-01    2     1000024        15   # BR(~nu_tauL -> ~chi_1+ tau-)
     1.16579533E-01    2    -1000015       -24   # BR(~nu_tauL -> ~tau_1+ W-)
#
#         PDG            Width
DECAY   1000024     5.67890856E-03   # chargino1+ decays
#          BR         NDA      ID1       ID2
     1.00000000E+00    2     1000022        24   # BR(~chi_1+ -> ~chi_10  W+)
#
#         PDG            Width
DECAY   1000037     1.81240898E+00   # chargino2+ decays
#          BR         NDA      ID1       ID2
     3.82460947E-03    2     1000016       -15   # BR(~chi_2+ -> ~nu_tau1 tau+)
     8.75303662E-02    2    -1000015        16   # BR(~chi_2+ -> ~tau_1+  nu_tau)
     2.78846354E-01    2     1000024        23   # BR(~chi_2+ -> ~chi_1+  Z )
     1.02308629E-01    2     1000022        24   # BR(~chi_2+ -> ~chi_10  W+)
     3.29119466E-01    2     1000023        24   # BR(~chi_2+ -> ~chi_20  W+)
     1.98370575E-01    2     1000024        25   # BR(~chi_2+ -> ~chi_1+  h )
#
#         PDG            Width
DECAY   1000022     0.00000000E+00   # neutralino1 decays
#
#         PDG            Width
DECAY   1000023     1.44739618E-03   # neutralino2 decays
#          BR         NDA      ID1       ID2
     1.00000000E+00    2     1000022        23   # BR(~chi_20 -> ~chi_10   Z )
#
#         PDG            Width
DECAY   1000025     1.78110922E+00   # neutralino3 decays
#          BR         NDA      ID1       ID2
     1.10012734E-01    2     1000022        23   # BR(~chi_30 -> ~chi_10   Z )
     1.91973972E-01    2     1000023        23   # BR(~chi_30 -> ~chi_20   Z )
     2.58562179E-01    2     1000024       -24   # BR(~chi_30 -> ~chi_1+   W-)
     2.58562179E-01    2    -1000024        24   # BR(~chi_30 -> ~chi_1-   W+)
     2.39933422E-02    2     1000022        25   # BR(~chi_30 -> ~chi_10   h )
     8.19064925E-03    2     1000023        25   # BR(~chi_30 -> ~chi_20   h )
     7.43524721E-02    2     1000015       -15   # BR(~chi_30 -> ~tau_1-   tau+)
     7.43524721E-02    2    -1000015        15   # BR(~chi_30 -> ~tau_1+   tau-)
#
#         PDG            Width
DECAY   1000035     1.94809963E+00   # neutralino4 decays
#          BR         NDA      ID1       ID2
     2.91138551E-02    2     1000022        23   # BR(~chi_40 -> ~chi_10   Z )
     2.06490468E-02    2     1000023        23   # BR(~chi_40 -> ~chi_20   Z )
     2.96765603E-01    2     1000024       -24   # BR(~chi_40 -> ~chi_1+   W-)
     2.96765603E-01    2    -1000024        24   # BR(~chi_40 -> ~chi_1-   W+)
     8.55934353E-02    2     1000022        25   # BR(~chi_40 -> ~chi_10   h )
     1.63861897E-01    2     1000023        25   # BR(~chi_40 -> ~chi_20   h )
     5.32082372E-02    2     1000015       -15   # BR(~chi_40 -> ~tau_1-   tau+)
     5.32082372E-02    2    -1000015        15   # BR(~chi_40 -> ~tau_1+   tau-)
     4.17042921E-04    2     1000016       -16   # BR(~chi_40 -> ~nu_tau1  nu_taub)
     4.17042921E-04    2    -1000016        16   # BR(~chi_40 -> ~nu_tau1* nu_tau )
#
#         PDG            Width
DECAY        25     4.35068019E-03   # h decays
#          BR         NDA      ID1       ID2
     8.25128851E-01    2           5        -5   # BR(h -> b       bb     )
     6.53449871E-02    2         -15        15   # BR(h -> tau+    tau-   )
     2.31340772E-04    2         -13        13   # BR(h -> mu+     mu-    )
     4.99846705E-04    2           3        -3   # BR(h -> s       sb     )
     1.77710608E-02    2           4        -4   # BR(h -> c       cb     )
     4.70721451E-02    2          21        21   # BR(h -> g       g      )
     1.38104112E-03    2          22        22   # BR(h -> gam     gam    )
     3.36423902E-04    2          22        23   # BR(h -> Z       gam    )
     3.85110142E-02    2          24       -24   # BR(h -> W+      W-     )
     3.72328956E-03    2          23        23   # BR(h -> Z       Z      )
#
#         PDG            Width
DECAY        35     1.33650597E+01   # H decays
#          BR         NDA      ID1       ID2
     8.78780833E-01    2           5        -5   # BR(H -> b       bb     )
     1.19278183E-01    2         -15        15   # BR(H -> tau+    tau-   )
     4.21724026E-04    2         -13        13   # BR(H -> mu+     mu-    )
     7.31563270E-04    2           3        -3   # BR(H -> s       sb     )
     6.69646794E-09    2           4        -4   # BR(H -> c       cb     )
     8.52784405E-08    2           6        -6   # BR(H -> t       tb     )
     4.81781138E-04    2          21        21   # BR(H -> g       g      )
     2.25968089E-07    2          22        22   # BR(H -> gam     gam    )
     6.48010253E-08    2          23        22   # BR(H -> Z       gam    )
     2.46498965E-06    2          24       -24   # BR(H -> W+      W-     )
     1.10782966E-06    2          23        23   # BR(H -> Z       Z      )
     7.19991337E-06    2          25        25   # BR(H -> h       h      )
    -2.53027072E-22    2          36        36   # BR(H -> A       A      )
     1.56799480E-19    2          23        36   # BR(H -> Z       A      )
     2.94759514E-04    2     1000022   1000022   # BR(H -> ~chi_10 ~chi_10)
#
#         PDG            Width
DECAY        36     1.33747410E+01   # A decays
#          BR         NDA      ID1       ID2
     8.78424645E-01    2           5        -5   # BR(A -> b       bb     )
     1.19207537E-01    2         -15        15   # BR(A -> tau+    tau-   )
     4.21420497E-04    2         -13        13   # BR(A -> mu+     mu-    )
     7.31069067E-04    2           3        -3   # BR(A -> s       sb     )
     5.49794613E-09    2           4        -4   # BR(A -> c       cb     )
     3.05018147E-07    2           6        -6   # BR(A -> t       tb     )
     4.72143557E-04    2          21        21   # BR(A -> g       g      )
     2.23398314E-07    2          22        22   # BR(A -> gam     gam    )
     5.86272630E-08    2          23        22   # BR(A -> Z       gam    )
     1.60352392E-06    2          23        25   # BR(A -> Z       h      )
     7.40987868E-04    2     1000022   1000022   # BR(A -> ~chi_10 ~chi_10)
#
#         PDG            Width
DECAY        37     7.63394537E+00   # H+ decays
#          BR         NDA      ID1       ID2
     1.77264249E-03    2           4        -5   # BR(H+ -> c       bb     )
     2.16520688E-01    2         -15        16   # BR(H+ -> tau+    nu_tau )
     7.65436924E-04    2         -13        14   # BR(H+ -> mu+     nu_mu  )
     1.13440348E-05    2           2        -5   # BR(H+ -> u       bb     )
     6.25538487E-05    2           2        -3   # BR(H+ -> u       sb     )
     1.28658170E-03    2           4        -3   # BR(H+ -> c       sb     )
     7.79577044E-01    2           6        -5   # BR(H+ -> t       bb     )
     3.67535607E-06    2          24        25   # BR(H+ -> W+      h      )
     3.37192998E-08    2          24        36   # BR(H+ -> W+      A      )
