#
#                              ======================
#                              | THE SUSYHIT OUTPUT |
#                              ======================
#
#
#              ------------------------------------------------------
#              |     This is the output of the SUSY-HIT package     |
#              |  created by A.Djouadi, M.Muehlleitner and M.Spira. |
#              |  In case of problems with SUSY-HIT email to        |
#              |           margarete.muehlleitner@cern.ch           |
#              |           michael.spira@psi.ch                     |
#              |           abdelhak.djouadi@cern.ch                 |
#              ------------------------------------------------------
#
#              ------------------------------------------------------
#              |  SUSY Les Houches Accord - MSSM Spectrum + Decays  |
#              |              based on the decay programs           |
#              |                                                    |
#              |                     SDECAY 1.3b                    |
#              |                                                    |
#              |  Authors: M.Muhlleitner, A.Djouadi and Y.Mambrini  |
#              |  Ref.:    Comput.Phys.Commun.168(2005)46           |
#              |           [hep-ph/0311167]                         |
#              |                                                    |
#              |                     HDECAY 3.4                     |
#              |                                                    |
#              |  By: A.Djouadi,J.Kalinowski,M.Muhlleitner,M.Spira  |
#              |  Ref.:    Comput.Phys.Commun.108(1998)56           |
#              |           [hep-ph/9704448]                         |
#              |                                                    |
#              |                                                    |
#              |  If not stated otherwise all DRbar couplings and   |
#              |  soft SUSY breaking masses are given at the scale  |
#              |  Q=  0.39611834E+03
#              |                                                    |
#              ------------------------------------------------------
#
#
BLOCK DCINFO  # Decay Program information
     1   SDECAY/HDECAY # decay calculator
     2   1.3b  /3.4    # version number
#
BLOCK SPINFO  # Spectrum calculator information
     1   SuSpect     # RGE +Spectrum calculator            
     2   2.41        # version number                      
#
BLOCK MODSEL  # Model selection
     1     1   # #SUGRA                                            
#
BLOCK SMINPUTS  # Standard Model inputs
         1     1.27934000E+02   # alpha_em^-1(M_Z)^MSbar
         2     1.16639000E-05   # G_F [GeV^-2]
         3     1.17200000E-01   # alpha_S(M_Z)^MSbar
         4     9.11870000E+01   # M_Z pole mass
         5     4.25000000E+00   # mb(mb)^MSbar
         6     1.72500000E+02   # mt pole mass
         7     1.77710000E+00   # mtau pole mass
#
BLOCK MINPAR  # Input parameters - minimal models
         1     1.50000000E+02   # m0                  
         2     3.00000000E+02   # m_1                 
         3     5.00000000E+00   # tanbeta(mZ)         
         4     1.00000000E+00   # sign(mu)            
         5    -1.00000000E+03   # A0                  
#
BLOCK EXTPAR  # Input parameters - non-minimal models
         0     3.96118339E+02   # EWSB                
#
BLOCK MASS  # Mass Spectrum
# PDG code           mass       particle
        24     8.04855828E+01   # W+
        25     1.12551883E+02   # h
        35     6.93506582E+02   # H
        36     6.93541012E+02   # A
        37     6.97917273E+02   # H+
         5     4.87877839E+00   # b-quark pole mass calculated from mb(mb)_Msbar
   1000001     6.77894888E+02   # ~d_L
   2000001     6.52139626E+02   # ~d_R
   1000002     6.73609255E+02   # ~u_L
   2000002     6.53190765E+02   # ~u_R
   1000003     6.77894888E+02   # ~s_L
   2000003     6.52139626E+02   # ~s_R
   1000004     6.73609255E+02   # ~c_L
   2000004     6.53190765E+02   # ~c_R
   1000005     5.61592244E+02   # ~b_1
   2000005     6.50228500E+02   # ~b_2
   1000006     2.48281450E+02   # ~t_1
   2000006     6.49336042E+02   # ~t_2
   1000011     2.55476154E+02   # ~e_L
   2000011     1.91352542E+02   # ~e_R
   1000012     2.44020649E+02   # ~nu_eL
   1000013     2.55476154E+02   # ~mu_L
   2000013     1.91352542E+02   # ~mu_R
   1000014     2.44020649E+02   # ~nu_muL
   1000015     1.80835867E+02   # ~tau_1
   2000015     2.57078487E+02   # ~tau_2
   1000016     2.41906780E+02   # ~nu_tauL
   1000021     7.19407899E+02   # ~g
   1000022     1.20446387E+02   # ~chi_10
   1000023     2.30442562E+02   # ~chi_20
   1000025    -6.36913285E+02   # ~chi_30
   1000035     6.47217279E+02   # ~chi_40
   1000024     2.30271255E+02   # ~chi_1+
   1000037     6.46801765E+02   # ~chi_2+
#
BLOCK NMIX  # Neutralino Mixing Matrix
  1  1     9.96163539E-01   # N_11
  1  2    -2.94185244E-02   # N_12
  1  3     7.70438161E-02   # N_13
  1  4    -2.92746401E-02   # N_14
  2  1     4.25845428E-02   # N_21
  2  2     9.85510062E-01   # N_22
  2  3    -1.45135068E-01   # N_23
  2  4     7.67612348E-02   # N_24
  3  1     3.21126062E-02   # N_31
  3  2    -4.98007281E-02   # N_32
  3  3    -7.03377966E-01   # N_33
  3  4    -7.08341800E-01   # N_34
  4  1     6.93796870E-02   # N_41
  4  2    -1.59450169E-01   # N_42
  4  3    -6.91563084E-01   # N_43
  4  4     7.01072466E-01   # N_44
#
BLOCK UMIX  # Chargino Mixing Matrix U
  1  1    -9.77938229E-01   # U_11
  1  2     2.08894280E-01   # U_12
  2  1     2.08894280E-01   # U_21
  2  2     9.77938229E-01   # U_22
#
BLOCK VMIX  # Chargino Mixing Matrix V
  1  1    -9.93825061E-01   # V_11
  1  2     1.10958317E-01   # V_12
  2  1     1.10958317E-01   # V_21
  2  2     9.93825061E-01   # V_22
#
BLOCK STOPMIX  # Stop Mixing Matrix
  1  1     5.07358330E-01   # cos(theta_t)
  1  2     8.61735183E-01   # sin(theta_t)
  2  1    -8.61735183E-01   # -sin(theta_t)
  2  2     5.07358330E-01   # cos(theta_t)
#
BLOCK SBOTMIX  # Sbottom Mixing Matrix
  1  1     9.93291164E-01   # cos(theta_b)
  1  2     1.15640233E-01   # sin(theta_b)
  2  1    -1.15640233E-01   # -sin(theta_b)
  2  2     9.93291164E-01   # cos(theta_b)
#
BLOCK STAUMIX  # Stau Mixing Matrix
  1  1     2.35094638E-01   # cos(theta_tau)
  1  2     9.71972485E-01   # sin(theta_tau)
  2  1    -9.71972485E-01   # -sin(theta_tau)
  2  2     2.35094638E-01   # cos(theta_tau)
#
BLOCK ALPHA  # Higgs mixing
          -2.11000247E-01   # Mixing angle in the neutral Higgs boson sector
#
BLOCK HMIX Q=  3.96118339E+02  # DRbar Higgs Parameters
         1     6.38298399E+02   # mu(Q)               
         2     4.88360357E+00   # tanbeta(Q)          
         3     2.44936560E+02   # vev(Q)              
         4     4.90677763E+05   # MA^2(Q)             
#
BLOCK GAUGE Q=  3.96118339E+02  # The gauge couplings
     1     3.60140583E-01   # gprime(Q) DRbar
     2     6.44123465E-01   # g(Q) DRbar
     3     1.09507992E+00   # g3(Q) DRbar
#
BLOCK AU Q=  3.96118339E+02  # The trilinear couplings
  1  1    -1.39470684E+03   # A_u(Q) DRbar
  2  2    -1.39470684E+03   # A_c(Q) DRbar
  3  3    -8.84608581E+02   # A_t(Q) DRbar
#
BLOCK AD Q=  3.96118339E+02  # The trilinear couplings
  1  1    -1.91766734E+03   # A_d(Q) DRbar
  2  2    -1.91766734E+03   # A_s(Q) DRbar
  3  3    -1.74609840E+03   # A_b(Q) DRbar
#
BLOCK AE Q=  3.96118339E+02  # The trilinear couplings
  1  1    -1.18581472E+03   # A_e(Q) DRbar
  2  2    -1.18581472E+03   # A_mu(Q) DRbar
  3  3    -1.18329896E+03   # A_tau(Q) DRbar
#
BLOCK Yu Q=  3.96118339E+02  # The Yukawa couplings
  1  1     0.00000000E+00   # y_u(Q) DRbar
  2  2     0.00000000E+00   # y_c(Q) DRbar
  3  3     8.86197375E-01   # y_t(Q) DRbar
#
BLOCK Yd Q=  3.96118339E+02  # The Yukawa couplings
  1  1     0.00000000E+00   # y_d(Q) DRbar
  2  2     0.00000000E+00   # y_s(Q) DRbar
  3  3     7.13510236E-02   # y_b(Q) DRbar
#
BLOCK Ye Q=  3.96118339E+02  # The Yukawa couplings
  1  1     0.00000000E+00   # y_e(Q) DRbar
  2  2     0.00000000E+00   # y_mu(Q) DRbar
  3  3     5.10587793E-02   # y_tau(Q) DRbar
#
BLOCK MSOFT Q=  3.96118339E+02  # The soft SUSY breaking masses at the scale Q
         1     1.22967969E+02   # M_1                 
         2     2.31861102E+02   # M_2                 
         3     7.06649101E+02   # M_3                 
        21     5.62010831E+04   # M^2_Hd              
        22    -3.95750333E+05   # M^2_Hu              
        31     2.51597800E+02   # M_eL                
        32     2.51597800E+02   # M_muL               
        33     2.49548123E+02   # M_tauL              
        34     1.86620021E+02   # M_eR                
        35     1.86620021E+02   # M_muR               
        36     1.80983491E+02   # M_tauR              
        41     6.63131163E+02   # M_q1L               
        42     6.63131163E+02   # M_q2L               
        43     5.47669801E+02   # M_q3L               
        44     6.41614905E+02   # M_uR                
        45     6.41614905E+02   # M_cR                
        46     3.58279958E+02   # M_tR                
        47     6.39164332E+02   # M_dR                
        48     6.39164332E+02   # M_sR                
        49     6.36129949E+02   # M_bR                
#
#
#
#                             =================
#                             |The decay table|
#                             =================
#
# - The QCD corrections to the decays gluino -> squark  + quark
#                                     squark -> gaugino + quark_prime
#                                     squark -> squark_prime + Higgs
#                                     squark -> gluino  + quark
#   are included.
#
# - The multi-body decays for the inos, stops and sbottoms are included.
#
# - The loop induced decays for the gluino, neutralinos and stops
#   are included.
#
# - The SUSY decays of the top quark are included.
#
#
#         PDG            Width
DECAY         6     1.43634650E+00   # top decays
#          BR         NDA      ID1       ID2
     1.00000000E+00    2           5        24   # BR(t ->  b    W+)
#
#         PDG            Width
DECAY   1000021     1.12976941E+01   # gluino decays
#          BR         NDA      ID1       ID2
     8.12083249E-03    2     1000001        -1   # BR(~g -> ~d_L  db)
     8.12083249E-03    2    -1000001         1   # BR(~g -> ~d_L* d )
     2.05443928E-02    2     2000001        -1   # BR(~g -> ~d_R  db)
     2.05443928E-02    2    -2000001         1   # BR(~g -> ~d_R* d )
     9.82356676E-03    2     1000002        -2   # BR(~g -> ~u_L  ub)
     9.82356676E-03    2    -1000002         2   # BR(~g -> ~u_L* u )
     1.99378781E-02    2     2000002        -2   # BR(~g -> ~u_R  ub)
     1.99378781E-02    2    -2000002         2   # BR(~g -> ~u_R* u )
     8.12083249E-03    2     1000003        -3   # BR(~g -> ~s_L  sb)
     8.12083249E-03    2    -1000003         3   # BR(~g -> ~s_L* s )
     2.05443928E-02    2     2000003        -3   # BR(~g -> ~s_R  sb)
     2.05443928E-02    2    -2000003         3   # BR(~g -> ~s_R* s )
     9.82356676E-03    2     1000004        -4   # BR(~g -> ~c_L  cb)
     9.82356676E-03    2    -1000004         4   # BR(~g -> ~c_L* c )
     1.99378781E-02    2     2000004        -4   # BR(~g -> ~c_R  cb)
     1.99378781E-02    2    -2000004         4   # BR(~g -> ~c_R* c )
     9.43807250E-02    2     1000005        -5   # BR(~g -> ~b_1  bb)
     9.43807250E-02    2    -1000005         5   # BR(~g -> ~b_1* b )
     2.17040979E-02    2     2000005        -5   # BR(~g -> ~b_2  bb)
     2.17040979E-02    2    -2000005         5   # BR(~g -> ~b_2* b )
     2.67061837E-01    2     1000006        -6   # BR(~g -> ~t_1  tb)
     2.67061837E-01    2    -1000006         6   # BR(~g -> ~t_1* t )
#
#         PDG            Width
DECAY   1000006     1.67215691E-02   # stop1 decays
#          BR         NDA      ID1       ID2
     1.00000000E+00    2     1000024         5   # BR(~t_1 -> ~chi_1+ b )
#
#         PDG            Width
DECAY   2000006     1.51783861E+01   # stop2 decays
#          BR         NDA      ID1       ID2
     1.72795311E-02    2     1000022         6   # BR(~t_2 -> ~chi_10 t )
     6.49571762E-02    2     1000023         6   # BR(~t_2 -> ~chi_20 t )
     0.00000000E+00    2     1000025         6   # BR(~t_2 -> ~chi_30 t )
     1.62754204E-01    2     1000024         5   # BR(~t_2 -> ~chi_1+ b )
     1.63442802E-01    2     1000006        25   # BR(~t_2 -> ~t_1    h )
     5.83918248E-01    2     1000006        23   # BR(~t_2 -> ~t_1    Z )
     7.64803889E-03    2     1000005        24   # BR(~t_2 -> ~b_1    W+)
#
#         PDG            Width
DECAY   1000005     1.55422274E+01   # sbottom1 decays
#          BR         NDA      ID1       ID2
     6.58259319E-03    2     1000022         5   # BR(~b_1 -> ~chi_10 b )
     9.68747854E-02    2     1000023         5   # BR(~b_1 -> ~chi_20 b )
     1.35104030E-01    2    -1000024         6   # BR(~b_1 -> ~chi_1- t )
     7.61438591E-01    2     1000006       -24   # BR(~b_1 -> ~t_1    W-)
#
#         PDG            Width
DECAY   2000005     6.60811116E-01   # sbottom2 decays
#          BR         NDA      ID1       ID2
     4.98846439E-01    2     1000022         5   # BR(~b_2 -> ~chi_10 b )
     2.52243680E-02    2     1000023         5   # BR(~b_2 -> ~chi_20 b )
     8.11660366E-05    2     1000025         5   # BR(~b_2 -> ~chi_30 b )
     3.83850314E-02    2    -1000024         6   # BR(~b_2 -> ~chi_1- t )
     4.37462995E-01    2     1000006       -24   # BR(~b_2 -> ~t_1    W-)
#
#         PDG            Width
DECAY   1000002     6.30559598E+00   # sup_L decays
#          BR         NDA      ID1       ID2
     9.77715194E-03    2     1000022         2   # BR(~u_L -> ~chi_10 u)
     3.29774277E-01    2     1000023         2   # BR(~u_L -> ~chi_20 u)
     1.00083008E-05    2     1000025         2   # BR(~u_L -> ~chi_30 u)
     5.97402641E-05    2     1000035         2   # BR(~u_L -> ~chi_40 u)
     6.60308225E-01    2     1000024         1   # BR(~u_L -> ~chi_1+ d)
     7.05976007E-05    2     1000037         1   # BR(~u_L -> ~chi_2+ d)
#
#         PDG            Width
DECAY   2000002     1.35237484E+00   # sup_R decays
#          BR         NDA      ID1       ID2
     9.98491913E-01    2     1000022         2   # BR(~u_R -> ~chi_10 u)
     1.50301478E-03    2     1000023         2   # BR(~u_R -> ~chi_20 u)
     3.03420964E-06    2     1000025         2   # BR(~u_R -> ~chi_30 u)
     2.03779074E-06    2     1000035         2   # BR(~u_R -> ~chi_40 u)
#
#         PDG            Width
DECAY   1000001     6.21881746E+00   # sdown_L decays
#          BR         NDA      ID1       ID2
     1.89042189E-02    2     1000022         1   # BR(~d_L -> ~chi_10 d)
     3.26630492E-01    2     1000023         1   # BR(~d_L -> ~chi_20 d)
     2.01500965E-05    2     1000025         1   # BR(~d_L -> ~chi_30 d)
     1.11025345E-04    2     1000035         1   # BR(~d_L -> ~chi_40 d)
     6.53999564E-01    2    -1000024         2   # BR(~d_L -> ~chi_1- u)
     3.34549442E-04    2    -1000037         2   # BR(~d_L -> ~chi_2- u)
#
#         PDG            Width
DECAY   2000001     3.37537438E-01   # sdown_R decays
#          BR         NDA      ID1       ID2
     9.98493938E-01    2     1000022         1   # BR(~d_R -> ~chi_10 d)
     1.50198115E-03    2     1000023         1   # BR(~d_R -> ~chi_20 d)
     2.67687427E-06    2     1000025         1   # BR(~d_R -> ~chi_30 d)
     1.40405682E-06    2     1000035         1   # BR(~d_R -> ~chi_40 d)
#
#         PDG            Width
DECAY   1000004     6.30559598E+00   # scharm_L decays
#          BR         NDA      ID1       ID2
     9.77715194E-03    2     1000022         4   # BR(~c_L -> ~chi_10 c)
     3.29774277E-01    2     1000023         4   # BR(~c_L -> ~chi_20 c)
     1.00083008E-05    2     1000025         4   # BR(~c_L -> ~chi_30 c)
     5.97402641E-05    2     1000035         4   # BR(~c_L -> ~chi_40 c)
     6.60308225E-01    2     1000024         3   # BR(~c_L -> ~chi_1+ s)
     7.05976007E-05    2     1000037         3   # BR(~c_L -> ~chi_2+ s)
#
#         PDG            Width
DECAY   2000004     1.35237484E+00   # scharm_R decays
#          BR         NDA      ID1       ID2
     9.98491913E-01    2     1000022         4   # BR(~c_R -> ~chi_10 c)
     1.50301478E-03    2     1000023         4   # BR(~c_R -> ~chi_20 c)
     3.03420964E-06    2     1000025         4   # BR(~c_R -> ~chi_30 c)
     2.03779074E-06    2     1000035         4   # BR(~c_R -> ~chi_40 c)
#
#         PDG            Width
DECAY   1000003     6.21881746E+00   # sstrange_L decays
#          BR         NDA      ID1       ID2
     1.89042189E-02    2     1000022         3   # BR(~s_L -> ~chi_10 s)
     3.26630492E-01    2     1000023         3   # BR(~s_L -> ~chi_20 s)
     2.01500965E-05    2     1000025         3   # BR(~s_L -> ~chi_30 s)
     1.11025345E-04    2     1000035         3   # BR(~s_L -> ~chi_40 s)
     6.53999564E-01    2    -1000024         4   # BR(~s_L -> ~chi_1- c)
     3.34549442E-04    2    -1000037         4   # BR(~s_L -> ~chi_2- c)
#
#         PDG            Width
DECAY   2000003     3.37537438E-01   # sstrange_R decays
#          BR         NDA      ID1       ID2
     9.98493938E-01    2     1000022         3   # BR(~s_R -> ~chi_10 s)
     1.50198115E-03    2     1000023         3   # BR(~s_R -> ~chi_20 s)
     2.67687427E-06    2     1000025         3   # BR(~s_R -> ~chi_30 s)
     1.40405682E-06    2     1000035         3   # BR(~s_R -> ~chi_40 s)
#
#         PDG            Width
DECAY   1000011     2.85763332E-01   # selectron_L decays
#          BR         NDA      ID1       ID2
     6.21112111E-01    2     1000022        11   # BR(~e_L -> ~chi_10 e-)
     1.30560551E-01    2     1000023        11   # BR(~e_L -> ~chi_20 e-)
     2.48327338E-01    2    -1000024        12   # BR(~e_L -> ~chi_1- nu_e)
#
#         PDG            Width
DECAY   2000011     3.57256346E-01   # selectron_R decays
#          BR         NDA      ID1       ID2
     1.00000000E+00    2     1000022        11   # BR(~e_R -> ~chi_10 e-)
#
#         PDG            Width
DECAY   1000013     2.85763332E-01   # smuon_L decays
#          BR         NDA      ID1       ID2
     6.21112111E-01    2     1000022        13   # BR(~mu_L -> ~chi_10 mu-)
     1.30560551E-01    2     1000023        13   # BR(~mu_L -> ~chi_20 mu-)
     2.48327338E-01    2    -1000024        14   # BR(~mu_L -> ~chi_1- nu_mu)
#
#         PDG            Width
DECAY   2000013     3.57256346E-01   # smuon_R decays
#          BR         NDA      ID1       ID2
     1.00000000E+00    2     1000022        13   # BR(~mu_R -> ~chi_10 mu-)
#
#         PDG            Width
DECAY   1000015     2.76122469E-01   # stau_1 decays
#          BR         NDA      ID1       ID2
     1.00000000E+00    2     1000022        15   # BR(~tau_1 -> ~chi_10  tau-)
#
#         PDG            Width
DECAY   2000015     3.24594862E-01   # stau_2 decays
#          BR         NDA      ID1       ID2
     6.51205286E-01    2     1000022        15   # BR(~tau_2 -> ~chi_10  tau-)
     1.19876073E-01    2     1000023        15   # BR(~tau_2 -> ~chi_20  tau-)
     2.28918641E-01    2    -1000024        16   # BR(~tau_2 -> ~chi_1-  nu_tau)
#
#         PDG            Width
DECAY   1000012     2.32871775E-01   # snu_eL decays
#          BR         NDA      ID1       ID2
     8.50723975E-01    2     1000022        12   # BR(~nu_eL -> ~chi_10 nu_e)
     4.68169991E-02    2     1000023        12   # BR(~nu_eL -> ~chi_20 nu_e)
     1.02459026E-01    2     1000024        11   # BR(~nu_eL -> ~chi_1+ e-)
#
#         PDG            Width
DECAY   1000014     2.32871775E-01   # snu_muL decays
#          BR         NDA      ID1       ID2
     8.50723975E-01    2     1000022        14   # BR(~nu_muL -> ~chi_10 nu_mu)
     4.68169991E-02    2     1000023        14   # BR(~nu_muL -> ~chi_20 nu_mu)
     1.02459026E-01    2     1000024        13   # BR(~nu_muL -> ~chi_1+ mu-)
#
#         PDG            Width
DECAY   1000016     2.19174172E-01   # snu_tauL decays
#          BR         NDA      ID1       ID2
     8.85957092E-01    2     1000022        16   # BR(~nu_tauL -> ~chi_10 nu_tau)
     3.60744654E-02    2     1000023        16   # BR(~nu_tauL -> ~chi_20 nu_tau)
     7.79684427E-02    2     1000024        15   # BR(~nu_tauL -> ~chi_1+ tau-)
#
#         PDG            Width
DECAY   1000024     1.11884331E-02   # chargino1+ decays
#          BR         NDA      ID1       ID2
     7.55119286E-01    2    -1000015        16   # BR(~chi_1+ -> ~tau_1+  nu_tau)
     2.44880714E-01    2     1000022        24   # BR(~chi_1+ -> ~chi_10  W+)
#
#         PDG            Width
DECAY   1000037     1.36858676E+01   # chargino2+ decays
#          BR         NDA      ID1       ID2
     6.19348078E-01    2     1000006        -5   # BR(~chi_2+ -> ~t_1     bb)
     1.76641467E-03    2     1000012       -11   # BR(~chi_2+ -> ~nu_eL   e+  )
     1.76641467E-03    2     1000014       -13   # BR(~chi_2+ -> ~nu_muL  mu+ )
     2.62780120E-03    2     1000016       -15   # BR(~chi_2+ -> ~nu_tau1 tau+)
     6.06265376E-03    2    -1000011        12   # BR(~chi_2+ -> ~e_L+    nu_e)
     6.06265376E-03    2    -1000013        14   # BR(~chi_2+ -> ~mu_L+   nu_mu)
     1.14097532E-04    2    -1000015        16   # BR(~chi_2+ -> ~tau_1+  nu_tau)
     6.77030787E-03    2    -2000015        16   # BR(~chi_2+ -> ~tau_2+  nu_tau)
     1.10111897E-01    2     1000024        23   # BR(~chi_2+ -> ~chi_1+  Z )
     2.82031032E-02    2     1000022        24   # BR(~chi_2+ -> ~chi_10  W+)
     1.14738886E-01    2     1000023        24   # BR(~chi_2+ -> ~chi_20  W+)
     1.02427692E-01    2     1000024        25   # BR(~chi_2+ -> ~chi_1+  h )
#
#         PDG            Width
DECAY   1000022     0.00000000E+00   # neutralino1 decays
#
#         PDG            Width
DECAY   1000023     9.68194646E-03   # neutralino2 decays
#          BR         NDA      ID1       ID2
     1.50883748E-02    2     1000022        23   # BR(~chi_20 -> ~chi_10   Z )
     1.07364904E-02    2     2000011       -11   # BR(~chi_20 -> ~e_R-     e+)
     1.07364904E-02    2    -2000011        11   # BR(~chi_20 -> ~e_R+     e-)
     1.07364904E-02    2     2000013       -13   # BR(~chi_20 -> ~mu_R-    mu+)
     1.07364904E-02    2    -2000013        13   # BR(~chi_20 -> ~mu_R+    mu-)
     4.70982832E-01    2     1000015       -15   # BR(~chi_20 -> ~tau_1-   tau+)
     4.70982832E-01    2    -1000015        15   # BR(~chi_20 -> ~tau_1+   tau-)
#
#         PDG            Width
DECAY   1000025     1.13331848E+01   # neutralino3 decays
#          BR         NDA      ID1       ID2
     3.64092564E-02    2     1000022        23   # BR(~chi_30 -> ~chi_10   Z )
     1.12254640E-01    2     1000023        23   # BR(~chi_30 -> ~chi_20   Z )
     1.29257481E-01    2     1000024       -24   # BR(~chi_30 -> ~chi_1+   W-)
     1.29257481E-01    2    -1000024        24   # BR(~chi_30 -> ~chi_1-   W+)
     7.04322919E-03    2     1000022        25   # BR(~chi_30 -> ~chi_10   h )
     1.02042061E-02    2     1000023        25   # BR(~chi_30 -> ~chi_20   h )
     2.84603862E-01    2     1000006        -6   # BR(~chi_30 -> ~t_1      tb)
     2.84603862E-01    2    -1000006         6   # BR(~chi_30 -> ~t_1*     t )
     3.16659936E-04    2     1000005        -5   # BR(~chi_30 -> ~b_1      bb)
     3.16659936E-04    2    -1000005         5   # BR(~chi_30 -> ~b_1*     b )
     8.28095527E-05    2     1000011       -11   # BR(~chi_30 -> ~e_L-     e+)
     8.28095527E-05    2    -1000011        11   # BR(~chi_30 -> ~e_L+     e-)
     1.23761570E-04    2     2000011       -11   # BR(~chi_30 -> ~e_R-     e+)
     1.23761570E-04    2    -2000011        11   # BR(~chi_30 -> ~e_R+     e-)
     8.28095527E-05    2     1000013       -13   # BR(~chi_30 -> ~mu_L-    mu+)
     8.28095527E-05    2    -1000013        13   # BR(~chi_30 -> ~mu_L+    mu-)
     1.23761570E-04    2     2000013       -13   # BR(~chi_30 -> ~mu_R-    mu+)
     1.23761570E-04    2    -2000013        13   # BR(~chi_30 -> ~mu_R+    mu-)
     4.96375609E-04    2     1000015       -15   # BR(~chi_30 -> ~tau_1-   tau+)
     4.96375609E-04    2    -1000015        15   # BR(~chi_30 -> ~tau_1+   tau-)
     7.91830879E-04    2     2000015       -15   # BR(~chi_30 -> ~tau_2-   tau+)
     7.91830879E-04    2    -2000015        15   # BR(~chi_30 -> ~tau_2+   tau-)
     3.87559446E-04    2     1000012       -12   # BR(~chi_30 -> ~nu_eL    nu_eb)
     3.87559446E-04    2    -1000012        12   # BR(~chi_30 -> ~nu_eL*   nu_e )
     3.87559446E-04    2     1000014       -14   # BR(~chi_30 -> ~nu_muL   nu_mub)
     3.87559446E-04    2    -1000014        14   # BR(~chi_30 -> ~nu_muL*  nu_mu )
     3.89863244E-04    2     1000016       -16   # BR(~chi_30 -> ~nu_tau1  nu_taub)
     3.89863244E-04    2    -1000016        16   # BR(~chi_30 -> ~nu_tau1* nu_tau )
#
#         PDG            Width
DECAY   1000035     2.14801993E+01   # neutralino4 decays
#          BR         NDA      ID1       ID2
     4.05593725E-03    2     1000022        23   # BR(~chi_40 -> ~chi_10   Z )
     6.24149367E-03    2     1000023        23   # BR(~chi_40 -> ~chi_20   Z )
     7.02335881E-02    2     1000024       -24   # BR(~chi_40 -> ~chi_1+   W-)
     7.02335881E-02    2    -1000024        24   # BR(~chi_40 -> ~chi_1-   W+)
     1.82468296E-02    2     1000022        25   # BR(~chi_40 -> ~chi_10   h )
     5.67058656E-02    2     1000023        25   # BR(~chi_40 -> ~chi_20   h )
     3.77818907E-01    2     1000006        -6   # BR(~chi_40 -> ~t_1      tb)
     3.77818907E-01    2    -1000006         6   # BR(~chi_40 -> ~t_1*     t )
     5.27511150E-04    2     1000005        -5   # BR(~chi_40 -> ~b_1      bb)
     5.27511150E-04    2    -1000005         5   # BR(~chi_40 -> ~b_1*     b )
     6.45084444E-04    2     1000011       -11   # BR(~chi_40 -> ~e_L-     e+)
     6.45084444E-04    2    -1000011        11   # BR(~chi_40 -> ~e_L+     e-)
     3.11674149E-04    2     2000011       -11   # BR(~chi_40 -> ~e_R-     e+)
     3.11674149E-04    2    -2000011        11   # BR(~chi_40 -> ~e_R+     e-)
     6.45084444E-04    2     1000013       -13   # BR(~chi_40 -> ~mu_L-    mu+)
     6.45084444E-04    2    -1000013        13   # BR(~chi_40 -> ~mu_L+    mu-)
     3.11674149E-04    2     2000013       -13   # BR(~chi_40 -> ~mu_R-    mu+)
     3.11674149E-04    2    -2000013        13   # BR(~chi_40 -> ~mu_R+    mu-)
     2.87781751E-04    2     1000015       -15   # BR(~chi_40 -> ~tau_1-   tau+)
     2.87781751E-04    2    -1000015        15   # BR(~chi_40 -> ~tau_1+   tau-)
     1.18883330E-03    2     2000015       -15   # BR(~chi_40 -> ~tau_2-   tau+)
     1.18883330E-03    2    -2000015        15   # BR(~chi_40 -> ~tau_2+   tau-)
     1.79816802E-03    2     1000012       -12   # BR(~chi_40 -> ~nu_eL    nu_eb)
     1.79816802E-03    2    -1000012        12   # BR(~chi_40 -> ~nu_eL*   nu_e )
     1.79816802E-03    2     1000014       -14   # BR(~chi_40 -> ~nu_muL   nu_mub)
     1.79816802E-03    2    -1000014        14   # BR(~chi_40 -> ~nu_muL*  nu_mu )
     1.80846286E-03    2     1000016       -16   # BR(~chi_40 -> ~nu_tau1  nu_taub)
     1.80846286E-03    2    -1000016        16   # BR(~chi_40 -> ~nu_tau1* nu_tau )
#
#         PDG            Width
DECAY        25     3.38064189E-03   # h decays
#          BR         NDA      ID1       ID2
     7.96210783E-01    2           5        -5   # BR(h -> b       bb     )
     7.51063550E-02    2         -15        15   # BR(h -> tau+    tau-   )
     2.65894014E-04    2         -13        13   # BR(h -> mu+     mu-    )
     5.74608589E-04    2           3        -3   # BR(h -> s       sb     )
     2.28986576E-02    2           4        -4   # BR(h -> c       cb     )
     4.27633884E-02    2          21        21   # BR(h -> g       g      )
     1.99054551E-03    2          22        22   # BR(h -> gam     gam    )
     4.77024209E-04    2          22        23   # BR(h -> Z       gam    )
     5.43730927E-02    2          24       -24   # BR(h -> W+      W-     )
     5.33965094E-03    2          23        23   # BR(h -> Z       Z      )
#
#         PDG            Width
DECAY        35     7.97295211E+00   # H decays
#          BR         NDA      ID1       ID2
     3.08390321E-02    2           5        -5   # BR(H -> b       bb     )
     4.28346904E-03    2         -15        15   # BR(H -> tau+    tau-   )
     1.51424768E-05    2         -13        13   # BR(H -> mu+     mu-    )
     2.29444832E-05    2           3        -3   # BR(H -> s       sb     )
     1.97549786E-06    2           4        -4   # BR(H -> c       cb     )
     1.48643748E-01    2           6        -6   # BR(H -> t       tb     )
     1.31272396E-03    2          21        21   # BR(H -> g       g      )
     6.94019357E-06    2          22        22   # BR(H -> gam     gam    )
     2.30228651E-07    2          23        22   # BR(H -> Z       gam    )
     1.03149206E-03    2          24       -24   # BR(H -> W+      W-     )
     5.04082742E-04    2          23        23   # BR(H -> Z       Z      )
     4.11157341E-03    2          25        25   # BR(H -> h       h      )
     1.00461655E-02    2     1000024  -1000024   # BR(H -> ~chi_1+ ~chi_1-)
     9.15720461E-04    2     1000022   1000022   # BR(H -> ~chi_10 ~chi_10)
     4.53006519E-03    2     1000023   1000023   # BR(H -> ~chi_20 ~chi_20)
     4.40386915E-03    2     1000022   1000023   # BR(H -> ~chi_10 ~chi_20)
     7.79543681E-01    2     1000006  -1000006   # BR(H -> ~t_1    ~t_1*  )
     1.39206851E-04    2     1000011  -1000011   # BR(H -> ~e_L-   ~e_L+  )
     1.07626648E-04    2     2000011  -2000011   # BR(H -> ~e_R-   ~e_R+  )
     1.39206851E-04    2     1000013  -1000013   # BR(H -> ~mu_L-  ~mu_L+ )
     1.07626648E-04    2     2000013  -2000013   # BR(H -> ~mu_R-  ~mu_R+ )
     1.59209504E-03    2     1000015  -1000015   # BR(H -> ~tau_1- ~tau_1+)
     2.16509224E-04    2     2000015  -2000015   # BR(H -> ~tau_2- ~tau_2+)
     3.03806370E-03    2     1000015  -2000015   # BR(H -> ~tau_1- ~tau_2+)
     3.03806370E-03    2     2000015  -1000015   # BR(H -> ~tau_2- ~tau_1+)
     4.69582117E-04    2     1000012  -1000012   # BR(H -> ~nu_eL  ~nu_eL*   )
     4.69582117E-04    2     1000014  -1000014   # BR(H -> ~nu_muL ~nu_muL*  )
     4.69582117E-04    2     1000016  -1000016   # BR(H -> ~nu_tauL ~nu_tauL*)
#
#         PDG            Width
DECAY        36     2.12266148E+00   # A decays
#          BR         NDA      ID1       ID2
     1.16418761E-01    2           5        -5   # BR(A -> b       bb     )
     1.61513628E-02    2         -15        15   # BR(A -> tau+    tau-   )
     5.70951331E-05    2         -13        13   # BR(A -> mu+     mu-    )
     8.67553340E-05    2           3        -3   # BR(A -> s       sb     )
     6.86914252E-06    2           4        -4   # BR(A -> c       cb     )
     6.42808940E-01    2           6        -6   # BR(A -> t       tb     )
     1.64661817E-03    2          21        21   # BR(A -> g       g      )
     1.16065134E-06    2          22        22   # BR(A -> gam     gam    )
     1.61887020E-06    2          23        22   # BR(A -> Z       gam    )
     3.66384172E-03    2          23        25   # BR(A -> Z       h      )
     1.05305451E-01    2     1000024  -1000024   # BR(A -> ~chi_1+ ~chi_1-)
     5.40535170E-03    2     1000022   1000022   # BR(A -> ~chi_10 ~chi_10)
     4.77932716E-02    2     1000023   1000023   # BR(A -> ~chi_20 ~chi_20)
     3.19953844E-02    2     1000022   1000023   # BR(A -> ~chi_10 ~chi_20)
     1.43287590E-02    2     1000015  -2000015   # BR(A -> ~tau_1- ~tau_2+)
     1.43287590E-02    2    -1000015   2000015   # BR(A -> ~tau_1+ ~tau_2-)
#
#         PDG            Width
DECAY        37     1.74819215E+00   # H+ decays
#          BR         NDA      ID1       ID2
     2.04835140E-04    2           4        -5   # BR(H+ -> c       bb     )
     1.97347948E-02    2         -15        16   # BR(H+ -> tau+    nu_tau )
     6.97625684E-05    2         -13        14   # BR(H+ -> mu+     nu_mu  )
     1.31083867E-06    2           2        -5   # BR(H+ -> u       bb     )
     5.03244766E-06    2           2        -3   # BR(H+ -> u       sb     )
     1.11510193E-04    2           4        -3   # BR(H+ -> c       sb     )
     8.76894558E-01    2           6        -5   # BR(H+ -> t       bb     )
     4.59846281E-03    2          24        25   # BR(H+ -> W+      h      )
     1.19929921E-09    2          24        36   # BR(H+ -> W+      A      )
     5.52470576E-02    2     1000024   1000022   # BR(H+ -> ~chi_1+ ~chi_10)
     9.83696889E-05    2     1000024   1000023   # BR(H+ -> ~chi_1+ ~chi_20)
     2.43530691E-03    2    -1000011   1000012   # BR(H+ -> ~e_L+   ~nu_eL )
     2.43530691E-03    2    -1000013   1000014   # BR(H+ -> ~mu_L+  ~nu_muL)
     3.81270486E-02    2    -1000015   1000016   # BR(H+ -> ~tau_1+ ~nu_tauL)
     3.66419066E-05    2    -2000015   1000016   # BR(H+ -> ~tau_2+ ~nu_tauL)
