#
#                              ======================
#                              | THE SUSYHIT OUTPUT |
#                              ======================
#
#
#              ------------------------------------------------------
#              |     This is the output of the SUSY-HIT package     |
#              |  created by A.Djouadi, M.Muehlleitner and M.Spira. |
#              |  In case of problems with SUSY-HIT email to        |
#              |           margarete.muehlleitner@cern.ch           |
#              |           michael.spira@psi.ch                     |
#              |           abdelhak.djouadi@cern.ch                 |
#              ------------------------------------------------------
#
#              ------------------------------------------------------
#              |  SUSY Les Houches Accord - MSSM Spectrum + Decays  |
#              |              based on the decay programs           |
#              |                                                    |
#              |                     SDECAY 1.3b                    |
#              |                                                    |
#              |  Authors: M.Muhlleitner, A.Djouadi and Y.Mambrini  |
#              |  Ref.:    Comput.Phys.Commun.168(2005)46           |
#              |           [hep-ph/0311167]                         |
#              |                                                    |
#              |                     HDECAY 3.4                     |
#              |                                                    |
#              |  By: A.Djouadi,J.Kalinowski,M.Muhlleitner,M.Spira  |
#              |  Ref.:    Comput.Phys.Commun.108(1998)56           |
#              |           [hep-ph/9704448]                         |
#              |                                                    |
#              |                                                    |
#              |  If not stated otherwise all DRbar couplings and   |
#              |  soft SUSY breaking masses are given at the scale  |
#              |  Q=  0.99052848E+03
#              |                                                    |
#              ------------------------------------------------------
#
#
BLOCK DCINFO  # Decay Program information
     1   SDECAY/HDECAY # decay calculator
     2   1.3b  /3.4    # version number
#
BLOCK SPINFO  # Spectrum calculator information
     1   SuSpect     # RGE +Spectrum calculator            
     2   2.41        # version number                      
#
BLOCK MODSEL  # Model selection
     1     3   # #AMSB                                             
#
BLOCK SMINPUTS  # Standard Model inputs
         1     1.27934000E+02   # alpha_em^-1(M_Z)^MSbar
         2     1.16639000E-05   # G_F [GeV^-2]
         3     1.17200000E-01   # alpha_S(M_Z)^MSbar
         4     9.11870000E+01   # M_Z pole mass
         5     4.25000000E+00   # mb(mb)^MSbar
         6     1.72500000E+02   # mt pole mass
         7     1.77710000E+00   # mtau pole mass
#
BLOCK MINPAR  # Input parameters - minimal models
         1     4.50000000E+02   # m0                  
         2     6.00000000E+04   # M_3                 
         3     1.00000000E+01   # tanbeta(mZ)         
         4     1.00000000E+00   # sign(mu)            
         5     1.00000000E+00   # cQ                  
         6     1.00000000E+00   # cuR                 
#
BLOCK EXTPAR  # Input parameters - non-minimal models
         0     9.90528476E+02   # EWSB                
#
BLOCK MASS  # Mass Spectrum
# PDG code           mass       particle
        24     8.04762873E+01   # W+
        25     1.15073873E+02   # h
        35     1.06612875E+03   # H
        36     1.06597297E+03   # A
        37     1.06925203E+03   # H+
         5     4.87877839E+00   # b-quark pole mass calculated from mb(mb)_Msbar
   1000001     1.27446592E+03   # ~d_L
   2000001     1.28927577E+03   # ~d_R
   1000002     1.27209431E+03   # ~u_L
   2000002     1.27965742E+03   # ~u_R
   1000003     1.27446592E+03   # ~s_L
   2000003     1.28927577E+03   # ~s_R
   1000004     1.27209431E+03   # ~c_L
   2000004     1.27965742E+03   # ~c_R
   1000005     1.11250551E+03   # ~b_1
   2000005     1.27263254E+03   # ~b_2
   1000006     9.24791469E+02   # ~t_1
   2000006     1.14630169E+03   # ~t_2
   1000011     3.85927593E+02   # ~e_L
   2000011     3.69915192E+02   # ~e_R
   1000012     3.77993685E+02   # ~nu_eL
   1000013     3.85927593E+02   # ~mu_L
   2000013     3.69915192E+02   # ~mu_R
   1000014     3.77993685E+02   # ~nu_muL
   1000015     3.44733480E+02   # ~tau_1
   2000015     3.94219289E+02   # ~tau_2
   1000016     3.72878213E+02   # ~nu_tauL
   1000021     1.16463535E+03   # ~g
   1000022     1.97652612E+02   # ~chi_10
   1000023     5.49595335E+02   # ~chi_20
   1000025    -1.02192377E+03   # ~chi_30
   1000035     1.02642996E+03   # ~chi_40
   1000024     1.97661840E+02   # ~chi_1+
   1000037     1.02595292E+03   # ~chi_2+
#
BLOCK NMIX  # Neutralino Mixing Matrix
  1  1     3.99857649E-03   # N_11
  1  2    -9.96401877E-01   # N_12
  1  3     8.12752738E-02   # N_13
  1  4    -2.36989758E-02   # N_14
  2  1     9.97224536E-01   # N_21
  2  2     1.00542243E-02   # N_22
  2  3     6.30147680E-02   # N_23
  2  4    -3.83572234E-02   # N_24
  3  1     1.77676024E-02   # N_31
  3  2    -4.06351834E-02   # N_32
  3  3    -7.05338842E-01   # N_33
  3  4    -7.07481598E-01   # N_34
  4  1     7.21910571E-02   # N_41
  4  2    -7.36952821E-02   # N_42
  4  3    -7.01370506E-01   # N_43
  4  4     7.05292046E-01   # N_44
#
BLOCK UMIX  # Chargino Mixing Matrix U
  1  1    -9.93439982E-01   # U_11
  1  2     1.14354722E-01   # U_12
  2  1     1.14354722E-01   # U_21
  2  2     9.93439982E-01   # U_22
#
BLOCK VMIX  # Chargino Mixing Matrix V
  1  1    -9.99441673E-01   # V_11
  1  2     3.34117224E-02   # V_12
  2  1     3.34117224E-02   # V_21
  2  2     9.99441673E-01   # V_22
#
BLOCK STOPMIX  # Stop Mixing Matrix
  1  1    -3.58423082E-01   # cos(theta_t)
  1  2     9.33559261E-01   # sin(theta_t)
  2  1    -9.33559261E-01   # -sin(theta_t)
  2  2    -3.58423082E-01   # cos(theta_t)
#
BLOCK SBOTMIX  # Sbottom Mixing Matrix
  1  1     9.98681551E-01   # cos(theta_b)
  1  2     5.13338065E-02   # sin(theta_b)
  2  1    -5.13338065E-02   # -sin(theta_b)
  2  2     9.98681551E-01   # cos(theta_b)
#
BLOCK STAUMIX  # Stau Mixing Matrix
  1  1     5.30897231E-01   # cos(theta_tau)
  1  2     8.47436210E-01   # sin(theta_tau)
  2  1    -8.47436210E-01   # -sin(theta_tau)
  2  2     5.30897231E-01   # cos(theta_tau)
#
BLOCK ALPHA  # Higgs mixing
          -1.05627448E-01   # Mixing angle in the neutral Higgs boson sector
#
BLOCK HMIX Q=  9.90528476E+02  # DRbar Higgs Parameters
         1     1.02153065E+03   # mu(Q)               
         2     9.65678908E+00   # tanbeta(Q)          
         3     2.44426334E+02   # vev(Q)              
         4     1.13657237E+06   # MA^2(Q)             
#
BLOCK GAUGE Q=  9.90528476E+02  # The gauge couplings
     1     3.62496032E-01   # gprime(Q) DRbar
     2     6.43895991E-01   # g(Q) DRbar
     3     1.05405375E+00   # g3(Q) DRbar
#
BLOCK AU Q=  9.90528476E+02  # The trilinear couplings
  1  1     2.14503110E+03   # A_u(Q) DRbar
  2  2     2.14503110E+03   # A_c(Q) DRbar
  3  3     1.11339742E+03   # A_t(Q) DRbar
#
BLOCK AD Q=  9.90528476E+02  # The trilinear couplings
  1  1     2.52484164E+03   # A_d(Q) DRbar
  2  2     2.52484164E+03   # A_s(Q) DRbar
  3  3     2.43693889E+03   # A_b(Q) DRbar
#
BLOCK AE Q=  9.90528476E+02  # The trilinear couplings
  1  1     5.88184161E+02   # A_e(Q) DRbar
  2  2     5.88184161E+02   # A_mu(Q) DRbar
  3  3     5.76846077E+02   # A_tau(Q) DRbar
#
BLOCK Yu Q=  9.90528476E+02  # The Yukawa couplings
  1  1     0.00000000E+00   # y_u(Q) DRbar
  2  2     0.00000000E+00   # y_c(Q) DRbar
  3  3     8.52657887E-01   # y_t(Q) DRbar
#
BLOCK Yd Q=  9.90528476E+02  # The Yukawa couplings
  1  1     0.00000000E+00   # y_d(Q) DRbar
  2  2     0.00000000E+00   # y_s(Q) DRbar
  3  3     1.46722184E-01   # y_b(Q) DRbar
#
BLOCK Ye Q=  9.90528476E+02  # The Yukawa couplings
  1  1     0.00000000E+00   # y_e(Q) DRbar
  2  2     0.00000000E+00   # y_mu(Q) DRbar
  3  3     9.95010838E-02   # y_tau(Q) DRbar
#
BLOCK MSOFT Q=  9.90528476E+02  # The soft SUSY breaking masses at the scale Q
         1     5.59559870E+02   # M_1                 
         2     1.90362573E+02   # M_2                 
         3    -1.22158249E+03   # M_3                 
        21     7.42977833E+04   # M^2_Hd              
        22    -1.02040908E+06   # M^2_Hu              
        31     3.83236389E+02   # M_eL                
        32     3.83236389E+02   # M_muL               
        33     3.78191837E+02   # M_tauL              
        34     3.67309573E+02   # M_eR                
        35     3.67309573E+02   # M_muR               
        36     3.56684420E+02   # M_tauR              
        41     1.23794089E+03   # M_q1L               
        42     1.23794089E+03   # M_q2L               
        43     1.07254993E+03   # M_q3L               
        44     1.24516783E+03   # M_uR                
        45     1.24516783E+03   # M_cR                
        46     9.06551350E+02   # M_tR                
        47     1.25433459E+03   # M_dR                
        48     1.25433459E+03   # M_sR                
        49     1.23673616E+03   # M_bR                
#
#
#
#                             =================
#                             |The decay table|
#                             =================
#
# - The QCD corrections to the decays gluino -> squark  + quark
#                                     squark -> gaugino + quark_prime
#                                     squark -> squark_prime + Higgs
#                                     squark -> gluino  + quark
#   are included.
#
# - The multi-body decays for the inos, stops and sbottoms are included.
#
# - The loop induced decays for the gluino, neutralinos and stops
#   are included.
#
# - The SUSY decays of the top quark are included.
#
#
#         PDG            Width
DECAY         6     1.43574774E+00   # top decays
#          BR         NDA      ID1       ID2
     1.00000000E+00    2           5        24   # BR(t ->  b    W+)
#
#         PDG            Width
DECAY   1000021     3.79535177E+00   # gluino decays
#          BR         NDA      ID1       ID2
     2.53552329E-02    2     1000005        -5   # BR(~g -> ~b_1  bb)
     2.53552329E-02    2    -1000005         5   # BR(~g -> ~b_1* b )
     4.74644767E-01    2     1000006        -6   # BR(~g -> ~t_1  tb)
     4.74644767E-01    2    -1000006         6   # BR(~g -> ~t_1* t )
#
#         PDG            Width
DECAY   1000006     1.49813404E+00   # stop1 decays
#          BR         NDA      ID1       ID2
     1.97744766E-01    2     1000022         6   # BR(~t_1 -> ~chi_10 t )
     3.72849233E-01    2     1000023         6   # BR(~t_1 -> ~chi_20 t )
     4.29406001E-01    2     1000024         5   # BR(~t_1 -> ~chi_1+ b )
#
#         PDG            Width
DECAY   2000006     1.45329839E+01   # stop2 decays
#          BR         NDA      ID1       ID2
     2.55706997E-01    2     1000022         6   # BR(~t_2 -> ~chi_10 t )
     2.65442428E-02    2     1000023         6   # BR(~t_2 -> ~chi_20 t )
     0.00000000E+00    2     1000025         6   # BR(~t_2 -> ~chi_30 t )
     5.38536744E-01    2     1000024         5   # BR(~t_2 -> ~chi_1+ b )
     5.75152161E-03    2     1000037         5   # BR(~t_2 -> ~chi_2+ b )
     7.16481353E-02    2     1000006        25   # BR(~t_2 -> ~t_1    h )
     1.01812360E-01    2     1000006        23   # BR(~t_2 -> ~t_1    Z )
#
#         PDG            Width
DECAY   1000005     1.34090742E+01   # sbottom1 decays
#          BR         NDA      ID1       ID2
     3.09410561E-01    2     1000022         5   # BR(~b_1 -> ~chi_10 b )
     6.31820221E-03    2     1000023         5   # BR(~b_1 -> ~chi_20 b )
     4.35238477E-04    2     1000025         5   # BR(~b_1 -> ~chi_30 b )
     4.40736848E-04    2     1000035         5   # BR(~b_1 -> ~chi_40 b )
     5.85745928E-01    2    -1000024         6   # BR(~b_1 -> ~chi_1- t )
     9.76493338E-02    2     1000006       -24   # BR(~b_1 -> ~t_1    W-)
#
#         PDG            Width
DECAY   2000005     3.37733837E+00   # sbottom2 decays
#          BR         NDA      ID1       ID2
     9.27936334E-04    2     1000022         5   # BR(~b_2 -> ~chi_10 b )
     1.36581433E-01    2     1000023         5   # BR(~b_2 -> ~chi_20 b )
     1.01379912E-02    2     1000025         5   # BR(~b_2 -> ~chi_30 b )
     1.01940656E-02    2     1000035         5   # BR(~b_2 -> ~chi_40 b )
     1.78817705E-03    2    -1000024         6   # BR(~b_2 -> ~chi_1- t )
     2.06806881E-02    2    -1000037         6   # BR(~b_2 -> ~chi_2- t )
     7.97267965E-01    2     1000021         5   # BR(~b_2 -> ~g      b )
     4.82189623E-03    2     1000005        25   # BR(~b_2 -> ~b_1    h )
     7.40946327E-03    2     1000005        23   # BR(~b_2 -> ~b_1    Z )
     8.08178731E-03    2     1000006       -24   # BR(~b_2 -> ~t_1    W-)
     2.10859699E-03    2     2000006       -24   # BR(~b_2 -> ~t_2    W-)
#
#         PDG            Width
DECAY   1000002     1.69891310E+01   # sup_L decays
#          BR         NDA      ID1       ID2
     2.76894191E-01    2     1000022         2   # BR(~u_L -> ~chi_10 u)
     7.58874635E-03    2     1000023         2   # BR(~u_L -> ~chi_20 u)
     5.29888558E-05    2     1000025         2   # BR(~u_L -> ~chi_30 u)
     1.33467299E-04    2     1000035         2   # BR(~u_L -> ~chi_40 u)
     5.58010140E-01    2     1000024         1   # BR(~u_L -> ~chi_1+ d)
     8.26484805E-05    2     1000037         1   # BR(~u_L -> ~chi_2+ d)
     1.57237818E-01    2     1000021         2   # BR(~u_L -> ~g      u)
#
#         PDG            Width
DECAY   2000002     4.90609502E+00   # sup_R decays
#          BR         NDA      ID1       ID2
     8.76904442E-06    2     1000022         2   # BR(~u_R -> ~chi_10 u)
     3.82924123E-01    2     1000023         2   # BR(~u_R -> ~chi_20 u)
     2.45992421E-05    2     1000025         2   # BR(~u_R -> ~chi_30 u)
     3.93793691E-04    2     1000035         2   # BR(~u_R -> ~chi_40 u)
     6.16648715E-01    2     1000021         2   # BR(~u_R -> ~g      u)
#
#         PDG            Width
DECAY   1000001     1.70205969E+01   # sdown_L decays
#          BR         NDA      ID1       ID2
     2.77768437E-01    2     1000022         1   # BR(~d_L -> ~chi_10 d)
     6.13010677E-03    2     1000023         1   # BR(~d_L -> ~chi_20 d)
     7.46085442E-05    2     1000025         1   # BR(~d_L -> ~chi_30 d)
     2.84625988E-04    2     1000035         1   # BR(~d_L -> ~chi_40 d)
     5.51405745E-01    2    -1000024         2   # BR(~d_L -> ~chi_1- u)
     9.81334177E-04    2    -1000037         2   # BR(~d_L -> ~chi_2- u)
     1.63355143E-01    2     1000021         1   # BR(~d_L -> ~g      d)
#
#         PDG            Width
DECAY   2000001     3.97778497E+00   # sdown_R decays
#          BR         NDA      ID1       ID2
     2.72571153E-06    2     1000022         1   # BR(~d_R -> ~chi_10 d)
     1.19738462E-01    2     1000023         1   # BR(~d_R -> ~chi_20 d)
     8.03904940E-06    2     1000025         1   # BR(~d_R -> ~chi_30 d)
     1.28851015E-04    2     1000035         1   # BR(~d_R -> ~chi_40 d)
     8.80121922E-01    2     1000021         1   # BR(~d_R -> ~g      d)
#
#         PDG            Width
DECAY   1000004     1.69891310E+01   # scharm_L decays
#          BR         NDA      ID1       ID2
     2.76894191E-01    2     1000022         4   # BR(~c_L -> ~chi_10 c)
     7.58874635E-03    2     1000023         4   # BR(~c_L -> ~chi_20 c)
     5.29888558E-05    2     1000025         4   # BR(~c_L -> ~chi_30 c)
     1.33467299E-04    2     1000035         4   # BR(~c_L -> ~chi_40 c)
     5.58010140E-01    2     1000024         3   # BR(~c_L -> ~chi_1+ s)
     8.26484805E-05    2     1000037         3   # BR(~c_L -> ~chi_2+ s)
     1.57237818E-01    2     1000021         4   # BR(~c_L -> ~g      c)
#
#         PDG            Width
DECAY   2000004     4.90609502E+00   # scharm_R decays
#          BR         NDA      ID1       ID2
     8.76904442E-06    2     1000022         4   # BR(~c_R -> ~chi_10 c)
     3.82924123E-01    2     1000023         4   # BR(~c_R -> ~chi_20 c)
     2.45992421E-05    2     1000025         4   # BR(~c_R -> ~chi_30 c)
     3.93793691E-04    2     1000035         4   # BR(~c_R -> ~chi_40 c)
     6.16648715E-01    2     1000021         4   # BR(~c_R -> ~g      c)
#
#         PDG            Width
DECAY   1000003     1.70205969E+01   # sstrange_L decays
#          BR         NDA      ID1       ID2
     2.77768437E-01    2     1000022         3   # BR(~s_L -> ~chi_10 s)
     6.13010677E-03    2     1000023         3   # BR(~s_L -> ~chi_20 s)
     7.46085442E-05    2     1000025         3   # BR(~s_L -> ~chi_30 s)
     2.84625988E-04    2     1000035         3   # BR(~s_L -> ~chi_40 s)
     5.51405745E-01    2    -1000024         4   # BR(~s_L -> ~chi_1- c)
     9.81334177E-04    2    -1000037         4   # BR(~s_L -> ~chi_2- c)
     1.63355143E-01    2     1000021         3   # BR(~s_L -> ~g      s)
#
#         PDG            Width
DECAY   2000003     3.97778497E+00   # sstrange_R decays
#          BR         NDA      ID1       ID2
     2.72571153E-06    2     1000022         3   # BR(~s_R -> ~chi_10 s)
     1.19738462E-01    2     1000023         3   # BR(~s_R -> ~chi_20 s)
     8.03904940E-06    2     1000025         3   # BR(~s_R -> ~chi_30 s)
     1.28851015E-04    2     1000035         3   # BR(~s_R -> ~chi_40 s)
     8.80121922E-01    2     1000021         3   # BR(~s_R -> ~g      s)
#
#         PDG            Width
DECAY   1000011     2.56562346E+00   # selectron_L decays
#          BR         NDA      ID1       ID2
     3.33666058E-01    2     1000022        11   # BR(~e_L -> ~chi_10 e-)
     6.66333942E-01    2    -1000024        12   # BR(~e_L -> ~chi_1- nu_e)
#
#         PDG            Width
DECAY   2000011     1.57865913E-05   # selectron_R decays
#          BR         NDA      ID1       ID2
     1.00000000E+00    2     1000022        11   # BR(~e_R -> ~chi_10 e-)
#
#         PDG            Width
DECAY   1000013     2.56562346E+00   # smuon_L decays
#          BR         NDA      ID1       ID2
     3.33666058E-01    2     1000022        13   # BR(~mu_L -> ~chi_10 mu-)
     6.66333942E-01    2    -1000024        14   # BR(~mu_L -> ~chi_1- nu_mu)
#
#         PDG            Width
DECAY   2000013     1.57865913E-05   # smuon_R decays
#          BR         NDA      ID1       ID2
     1.00000000E+00    2     1000022        13   # BR(~mu_R -> ~chi_10 mu-)
#
#         PDG            Width
DECAY   1000015     5.65688999E-01   # stau_1 decays
#          BR         NDA      ID1       ID2
     3.33736292E-01    2     1000022        15   # BR(~tau_1 -> ~chi_10  tau-)
     6.66263708E-01    2    -1000024        16   # BR(~tau_1 -> ~chi_1-  nu_tau)
#
#         PDG            Width
DECAY   2000015     1.89517445E+00   # stau_2 decays
#          BR         NDA      ID1       ID2
     3.33637593E-01    2     1000022        15   # BR(~tau_2 -> ~chi_10  tau-)
     6.66362407E-01    2    -1000024        16   # BR(~tau_2 -> ~chi_1-  nu_tau)
#
#         PDG            Width
DECAY   1000012     2.46471121E+00   # snu_eL decays
#          BR         NDA      ID1       ID2
     3.32998166E-01    2     1000022        12   # BR(~nu_eL -> ~chi_10 nu_e)
     6.67001834E-01    2     1000024        11   # BR(~nu_eL -> ~chi_1+ e-)
#
#         PDG            Width
DECAY   1000014     2.46471121E+00   # snu_muL decays
#          BR         NDA      ID1       ID2
     3.32998166E-01    2     1000022        14   # BR(~nu_muL -> ~chi_10 nu_mu)
     6.67001834E-01    2     1000024        13   # BR(~nu_muL -> ~chi_1+ mu-)
#
#         PDG            Width
DECAY   1000016     2.38102301E+00   # snu_tauL decays
#          BR         NDA      ID1       ID2
     3.33004046E-01    2     1000022        16   # BR(~nu_tauL -> ~chi_10 nu_tau)
     6.66995954E-01    2     1000024        15   # BR(~nu_tauL -> ~chi_1+ tau-)
#
#         PDG            Width
DECAY   1000024     2.98081414E-22   # chargino1+ decays
#           BR         NDA      ID1       ID2       ID3
     3.69725915E-01    3     1000022         2        -1   # BR(~chi_1+ -> ~chi_10 u    db)
     3.69725915E-01    3     1000022         4        -3   # BR(~chi_1+ -> ~chi_10 c    sb)
     1.30274085E-01    3     1000022       -11        12   # BR(~chi_1+ -> ~chi_10 e+   nu_e)
     1.30274085E-01    3     1000022       -13        14   # BR(~chi_1+ -> ~chi_10 mu+  nu_mu)
#
#         PDG            Width
DECAY   1000037     8.40534966E+00   # chargino2+ decays
#          BR         NDA      ID1       ID2
     1.10530629E-01    2     1000006        -5   # BR(~chi_2+ -> ~t_1     bb)
     4.19747182E-04    2     1000012       -11   # BR(~chi_2+ -> ~nu_eL   e+  )
     4.19747182E-04    2     1000014       -13   # BR(~chi_2+ -> ~nu_muL  mu+ )
     9.34405331E-03    2     1000016       -15   # BR(~chi_2+ -> ~nu_tau1 tau+)
     4.85167749E-03    2    -1000011        12   # BR(~chi_2+ -> ~e_L+    nu_e)
     4.85167749E-03    2    -1000013        14   # BR(~chi_2+ -> ~mu_L+   nu_mu)
     1.90707557E-03    2    -1000015        16   # BR(~chi_2+ -> ~tau_1+  nu_tau)
     1.16407189E-02    2    -2000015        16   # BR(~chi_2+ -> ~tau_2+  nu_tau)
     2.61157795E-01    2     1000024        23   # BR(~chi_2+ -> ~chi_1+  Z )
     2.54959248E-01    2     1000022        24   # BR(~chi_2+ -> ~chi_10  W+)
     8.06401174E-02    2     1000023        24   # BR(~chi_2+ -> ~chi_20  W+)
     2.59277513E-01    2     1000024        25   # BR(~chi_2+ -> ~chi_1+  h )
#
#         PDG            Width
DECAY   1000022     0.00000000E+00   # neutralino1 decays
#
#         PDG            Width
DECAY   1000023     3.84336491E+00   # neutralino2 decays
#          BR         NDA      ID1       ID2
     1.76971562E-04    2     1000022        23   # BR(~chi_20 -> ~chi_10   Z )
     1.85121041E-03    2     1000024       -24   # BR(~chi_20 -> ~chi_1+   W-)
     1.85121041E-03    2    -1000024        24   # BR(~chi_20 -> ~chi_1-   W+)
     1.68708582E-03    2     1000022        25   # BR(~chi_20 -> ~chi_10   h )
     2.47442726E-02    2     1000011       -11   # BR(~chi_20 -> ~e_L-     e+)
     2.47442726E-02    2    -1000011        11   # BR(~chi_20 -> ~e_L+     e-)
     1.11223208E-01    2     2000011       -11   # BR(~chi_20 -> ~e_R-     e+)
     1.11223208E-01    2    -2000011        11   # BR(~chi_20 -> ~e_R+     e-)
     2.47442726E-02    2     1000013       -13   # BR(~chi_20 -> ~mu_L-    mu+)
     2.47442726E-02    2    -1000013        13   # BR(~chi_20 -> ~mu_L+    mu-)
     1.11223208E-01    2     2000013       -13   # BR(~chi_20 -> ~mu_R-    mu+)
     1.11223208E-01    2    -2000013        13   # BR(~chi_20 -> ~mu_R+    mu-)
     1.08320811E-01    2     1000015       -15   # BR(~chi_20 -> ~tau_1-   tau+)
     1.08320811E-01    2    -1000015        15   # BR(~chi_20 -> ~tau_1+   tau-)
     4.10657074E-02    2     2000015       -15   # BR(~chi_20 -> ~tau_2-   tau+)
     4.10657074E-02    2    -2000015        15   # BR(~chi_20 -> ~tau_2+   tau-)
     2.48931320E-02    2     1000012       -12   # BR(~chi_20 -> ~nu_eL    nu_eb)
     2.48931320E-02    2    -1000012        12   # BR(~chi_20 -> ~nu_eL*   nu_e )
     2.48931320E-02    2     1000014       -14   # BR(~chi_20 -> ~nu_muL   nu_mub)
     2.48931320E-02    2    -1000014        14   # BR(~chi_20 -> ~nu_muL*  nu_mu )
     2.61090175E-02    2     1000016       -16   # BR(~chi_20 -> ~nu_tau1  nu_taub)
     2.61090175E-02    2    -1000016        16   # BR(~chi_20 -> ~nu_tau1* nu_tau )
#
#         PDG            Width
DECAY   1000025     7.32862537E+00   # neutralino3 decays
#          BR         NDA      ID1       ID2
     2.30519102E-01    2     1000022        23   # BR(~chi_30 -> ~chi_10   Z )
     8.30772082E-02    2     1000023        23   # BR(~chi_30 -> ~chi_20   Z )
     2.93527706E-01    2     1000024       -24   # BR(~chi_30 -> ~chi_1+   W-)
     2.93527706E-01    2    -1000024        24   # BR(~chi_30 -> ~chi_1-   W+)
     6.90710599E-02    2     1000022        25   # BR(~chi_30 -> ~chi_10   h )
     4.84297171E-03    2     1000023        25   # BR(~chi_30 -> ~chi_20   h )
     1.98340398E-04    2     1000011       -11   # BR(~chi_30 -> ~e_L-     e+)
     1.98340398E-04    2    -1000011        11   # BR(~chi_30 -> ~e_L+     e-)
     8.68962202E-05    2     2000011       -11   # BR(~chi_30 -> ~e_R-     e+)
     8.68962202E-05    2    -2000011        11   # BR(~chi_30 -> ~e_R+     e-)
     1.98340398E-04    2     1000013       -13   # BR(~chi_30 -> ~mu_L-    mu+)
     1.98340398E-04    2    -1000013        13   # BR(~chi_30 -> ~mu_L+    mu-)
     8.68962202E-05    2     2000013       -13   # BR(~chi_30 -> ~mu_R-    mu+)
     8.68962202E-05    2    -2000013        13   # BR(~chi_30 -> ~mu_R+    mu-)
     3.89098778E-03    2     1000015       -15   # BR(~chi_30 -> ~tau_1-   tau+)
     3.89098778E-03    2    -1000015        15   # BR(~chi_30 -> ~tau_1+   tau-)
     6.60289215E-03    2     2000015       -15   # BR(~chi_30 -> ~tau_2-   tau+)
     6.60289215E-03    2    -2000015        15   # BR(~chi_30 -> ~tau_2+   tau-)
     5.49359452E-04    2     1000012       -12   # BR(~chi_30 -> ~nu_eL    nu_eb)
     5.49359452E-04    2    -1000012        12   # BR(~chi_30 -> ~nu_eL*   nu_e )
     5.49359452E-04    2     1000014       -14   # BR(~chi_30 -> ~nu_muL   nu_mub)
     5.49359452E-04    2    -1000014        14   # BR(~chi_30 -> ~nu_muL*  nu_mu )
     5.54051056E-04    2     1000016       -16   # BR(~chi_30 -> ~nu_tau1  nu_taub)
     5.54051056E-04    2    -1000016        16   # BR(~chi_30 -> ~nu_tau1* nu_tau )
#
#         PDG            Width
DECAY   1000035     7.50444454E+00   # neutralino4 decays
#          BR         NDA      ID1       ID2
     6.88559333E-02    2     1000022        23   # BR(~chi_40 -> ~chi_10   Z )
     5.26110245E-03    2     1000023        23   # BR(~chi_40 -> ~chi_20   Z )
     2.87190392E-01    2     1000024       -24   # BR(~chi_40 -> ~chi_1+   W-)
     2.87190392E-01    2    -1000024        24   # BR(~chi_40 -> ~chi_1-   W+)
     2.24130282E-01    2     1000022        25   # BR(~chi_40 -> ~chi_10   h )
     8.14488398E-02    2     1000023        25   # BR(~chi_40 -> ~chi_20   h )
     2.27177451E-04    2     1000011       -11   # BR(~chi_40 -> ~e_L-     e+)
     2.27177451E-04    2    -1000011        11   # BR(~chi_40 -> ~e_L+     e-)
     1.41081969E-03    2     2000011       -11   # BR(~chi_40 -> ~e_R-     e+)
     1.41081969E-03    2    -2000011        11   # BR(~chi_40 -> ~e_R+     e-)
     2.27177451E-04    2     1000013       -13   # BR(~chi_40 -> ~mu_L-    mu+)
     2.27177451E-04    2    -1000013        13   # BR(~chi_40 -> ~mu_L+    mu-)
     1.41081969E-03    2     2000013       -13   # BR(~chi_40 -> ~mu_R-    mu+)
     1.41081969E-03    2    -2000013        13   # BR(~chi_40 -> ~mu_R+    mu-)
     2.83897106E-03    2     1000015       -15   # BR(~chi_40 -> ~tau_1-   tau+)
     2.83897106E-03    2    -1000015        15   # BR(~chi_40 -> ~tau_1+   tau-)
     8.55871037E-03    2     2000015       -15   # BR(~chi_40 -> ~tau_2-   tau+)
     8.55871037E-03    2    -2000015        15   # BR(~chi_40 -> ~tau_2+   tau-)
     2.75485499E-03    2     1000012       -12   # BR(~chi_40 -> ~nu_eL    nu_eb)
     2.75485499E-03    2    -1000012        12   # BR(~chi_40 -> ~nu_eL*   nu_e )
     2.75485499E-03    2     1000014       -14   # BR(~chi_40 -> ~nu_muL   nu_mub)
     2.75485499E-03    2    -1000014        14   # BR(~chi_40 -> ~nu_muL*  nu_mu )
     2.77814286E-03    2     1000016       -16   # BR(~chi_40 -> ~nu_tau1  nu_taub)
     2.77814286E-03    2    -1000016        16   # BR(~chi_40 -> ~nu_tau1* nu_tau )
#
#         PDG            Width
DECAY        25     3.40691016E-03   # h decays
#          BR         NDA      ID1       ID2
     7.52771621E-01    2           5        -5   # BR(h -> b       bb     )
     7.32440928E-02    2         -15        15   # BR(h -> tau+    tau-   )
     2.59284401E-04    2         -13        13   # BR(h -> mu+     mu-    )
     5.58171249E-04    2           3        -3   # BR(h -> s       sb     )
     2.32047919E-02    2           4        -4   # BR(h -> c       cb     )
     6.41285488E-02    2          21        21   # BR(h -> g       g      )
     1.97010131E-03    2          22        22   # BR(h -> gam     gam    )
     6.55747760E-04    2          22        23   # BR(h -> Z       gam    )
     7.53972788E-02    2          24       -24   # BR(h -> W+      W-     )
     7.81036206E-03    2          23        23   # BR(h -> Z       Z      )
#
#         PDG            Width
DECAY        35     2.09589784E+00   # H decays
#          BR         NDA      ID1       ID2
     5.52122263E-01    2           5        -5   # BR(H -> b       bb     )
     9.82693918E-02    2         -15        15   # BR(H -> tau+    tau-   )
     3.47383925E-04    2         -13        13   # BR(H -> mu+     mu-    )
     4.92820209E-04    2           3        -3   # BR(H -> s       sb     )
     2.65720270E-06    2           4        -4   # BR(H -> c       cb     )
     2.41750792E-01    2           6        -6   # BR(H -> t       tb     )
     2.28048323E-04    2          21        21   # BR(H -> g       g      )
     2.92021393E-06    2          22        22   # BR(H -> gam     gam    )
     3.09253564E-07    2          23        22   # BR(H -> Z       gam    )
     1.09266938E-03    2          24       -24   # BR(H -> W+      W-     )
     5.41059581E-04    2          23        23   # BR(H -> Z       Z      )
     4.29568878E-03    2          25        25   # BR(H -> h       h      )
    -4.36657269E-22    2          36        36   # BR(H -> A       A      )
     4.82720232E-17    2          23        36   # BR(H -> Z       A      )
     4.20310532E-02    2     1000024  -1000024   # BR(H -> ~chi_1+ ~chi_1-)
     2.11878618E-02    2     1000022   1000022   # BR(H -> ~chi_10 ~chi_10)
     7.31190424E-03    2     1000022   1000023   # BR(H -> ~chi_10 ~chi_20)
     9.36410275E-05    2     1000011  -1000011   # BR(H -> ~e_L-   ~e_L+  )
     6.14482151E-05    2     2000011  -2000011   # BR(H -> ~e_R-   ~e_R+  )
     9.36410275E-05    2     1000013  -1000013   # BR(H -> ~mu_L-  ~mu_L+ )
     6.14482151E-05    2     2000013  -2000013   # BR(H -> ~mu_R-  ~mu_R+ )
     1.08105098E-02    2     1000015  -1000015   # BR(H -> ~tau_1- ~tau_1+)
     1.29049172E-02    2     2000015  -2000015   # BR(H -> ~tau_2- ~tau_2+)
     2.68726941E-03    2     1000015  -2000015   # BR(H -> ~tau_1- ~tau_2+)
     2.68726941E-03    2     2000015  -1000015   # BR(H -> ~tau_2- ~tau_1+)
     3.07677598E-04    2     1000012  -1000012   # BR(H -> ~nu_eL  ~nu_eL*   )
     3.07677598E-04    2     1000014  -1000014   # BR(H -> ~nu_muL ~nu_muL*  )
     3.07677598E-04    2     1000016  -1000016   # BR(H -> ~nu_tauL ~nu_tauL*)
#
#         PDG            Width
DECAY        36     2.16182357E+00   # A decays
#          BR         NDA      ID1       ID2
     5.35702004E-01    2           5        -5   # BR(A -> b       bb     )
     9.53085103E-02    2         -15        15   # BR(A -> tau+    tau-   )
     3.36913429E-04    2         -13        13   # BR(A -> mu+     mu-    )
     4.78315582E-04    2           3        -3   # BR(A -> s       sb     )
     2.48082803E-06    2           4        -4   # BR(A -> c       cb     )
     2.42816331E-01    2           6        -6   # BR(A -> t       tb     )
     6.55625470E-04    2          21        21   # BR(A -> g       g      )
     2.44867626E-07    2          22        22   # BR(A -> gam     gam    )
     6.08178439E-07    2          23        22   # BR(A -> Z       gam    )
     1.03397160E-03    2          23        25   # BR(A -> Z       h      )
     5.33837872E-02    2     1000024  -1000024   # BR(A -> ~chi_1+ ~chi_1-)
     2.69235691E-02    2     1000022   1000022   # BR(A -> ~chi_10 ~chi_10)
     1.51967630E-02    2     1000022   1000023   # BR(A -> ~chi_10 ~chi_20)
     1.40804375E-02    2     1000015  -2000015   # BR(A -> ~tau_1- ~tau_2+)
     1.40804375E-02    2    -1000015   2000015   # BR(A -> ~tau_1+ ~tau_2-)
#
#         PDG            Width
DECAY        37     1.89805095E+00   # H+ decays
#          BR         NDA      ID1       ID2
     9.11854455E-04    2           4        -5   # BR(H+ -> c       bb     )
     1.08887486E-01    2         -15        16   # BR(H+ -> tau+    nu_tau )
     3.84914788E-04    2         -13        14   # BR(H+ -> mu+     nu_mu  )
     5.83579245E-06    2           2        -5   # BR(H+ -> u       bb     )
     2.60363486E-05    2           2        -3   # BR(H+ -> u       sb     )
     5.38212905E-04    2           4        -3   # BR(H+ -> c       sb     )
     8.28758044E-01    2           6        -5   # BR(H+ -> t       bb     )
     1.19499100E-03    2          24        25   # BR(H+ -> W+      h      )
     2.61945354E-10    2          24        36   # BR(H+ -> W+      A      )
     4.92187416E-07    2     1000024   1000022   # BR(H+ -> ~chi_1+ ~chi_10)
     2.61583451E-02    2     1000024   1000023   # BR(H+ -> ~chi_1+ ~chi_20)
     3.98499261E-04    2    -1000011   1000012   # BR(H+ -> ~e_L+   ~nu_eL )
     3.98499261E-04    2    -1000013   1000014   # BR(H+ -> ~mu_L+  ~nu_muL)
     2.03510815E-02    2    -1000015   1000016   # BR(H+ -> ~tau_1+ ~nu_tauL)
     1.19857071E-02    2    -2000015   1000016   # BR(H+ -> ~tau_2+ ~nu_tauL)
